[14:46:19:232347 +02:00] [Thread 2404] Lazouille was killed by an NPC!
[14:46:54:058339 +02:00] [Thread 1260] dado was killed by an NPC!
[14:47:02:686833 +02:00] [Thread 2404] Julius was killed by an NPC!
[14:47:57:707980 +02:00] [Thread 1260] Julius commited suicide!
[15:05:04:489708 +02:00] [Thread 1260] Julius died an awkward death.
[15:06:53:932968 +02:00] [Thread 2404] Julius commited suicide!
[15:07:18:899396 +02:00] [Thread 1260] Julius commited suicide!
[16:15:54:746809 +02:00] [Thread 3648] Julius commited suicide!
[16:46:37:099941 +02:00] [Thread 2996] ruben commited suicide!
[17:13:56:794726 +02:00] [Thread 328] dado commited suicide!
[17:17:55:859400 +02:00] [Thread 3908] dado died because dado was very unlucky.
[17:31:44:233780 +02:00] [Thread 2996] dado commited suicide!
[17:55:47:421326 +02:00] [Thread 3192] dado was killed by an NPC!
[17:58:53:682979 +02:00] [Thread 2996] Lazouille was killed by an NPC!
[18:49:29:172599 +02:00] [Thread 3192] Lazouille died because the universe hates him.
[18:51:24:630203 +02:00] [Thread 3192] dado died an awkward death.
[19:47:13:591249 +02:00] [Thread 2608] Zero commited suicide!
[20:21:51:122077 +02:00] [Thread 3812] dado died and nobody knows why.
[20:21:51:215082 +02:00] [Thread 3224] Lazouille died an awkward death.
[20:27:35:486774 +02:00] [Thread 2608] Zero was killed by an NPC!
[20:27:49:454573 +02:00] [Thread 3812] Zero commited suicide!
[21:16:54:545022 +02:00] [Thread 3812] Lazouille commited suicide!
