extDB2: Version: 70
extDB2: https://github.com/Torndeco/extDB2
extDB2: Windows Version
Message: All development for extDB2 is done on a Linux Dedicated Server
Message: If you would like to Donate to extDB2 Development
Message: https://www.paypal.com/cgi-bin/webscr?cmd=_s-xclick&hosted_button_id=2SUEFTGABTAM2
Message: Also leave a message if there is any particular feature you would like to see added.
Message: Thanks for all the people that have donated.
Message: Torndeco: 20/02/15


extDB2: Found extdb-conf.ini
extDB2: Detected 8 Cores, Setting up 6 Worker Threads


[15:08:28:362903 +02:00] [Thread 14860] extDB2: Database Type: MySQL
[15:08:28:370502 +02:00] [Thread 14860] extDB2: Database Session Pool Started
[15:08:28:372138 +02:00] [Thread 14860] extDB2: SQL_CUSTOM_V2: Loading Template Filename: C:\Arma\Server\@Exileserver\extDB\sql_custom_v2\exile.ini
[15:08:28:372269 +02:00] [Thread 14860] extDB2: SQL_CUSTOM_V2: Version 12 Detected, Latest Version 12 Available
[15:08:28:430913 +02:00] [Thread 14860] extDB2: LOG: Error: Failed opening file C:\Arma\Server\@Exileserver\extDB\logs\2018\12\08\Exile_TradingLog.log for writing
[15:08:28:430960 +02:00] [Thread 14860] extDB2: Failed to Load Protocol: LOG
[15:08:28:486136 +02:00] [Thread 14860] extDB2: LOG: Error: Failed opening file C:\Arma\Server\@Exileserver\extDB\logs\2018\12\08\Exile_DeathLog.log for writing
[15:08:28:486197 +02:00] [Thread 14860] extDB2: Failed to Load Protocol: LOG
[15:08:28:540909 +02:00] [Thread 14860] extDB2: LOG: Error: Failed opening file C:\Arma\Server\@Exileserver\extDB\logs\2018\12\08\Exile_TerritoryLog.log for writing
[15:08:28:540963 +02:00] [Thread 14860] extDB2: Failed to Load Protocol: LOG
[15:08:32:810259 +02:00] [Thread 14860] extDB2: Stopping ...
