extDB2: Version: 70
extDB2: https://github.com/Torndeco/extDB2
extDB2: Windows Version
Message: All development for extDB2 is done on a Linux Dedicated Server
Message: If you would like to Donate to extDB2 Development
Message: https://www.paypal.com/cgi-bin/webscr?cmd=_s-xclick&hosted_button_id=2SUEFTGABTAM2
Message: Also leave a message if there is any particular feature you would like to see added.
Message: Thanks for all the people that have donated.
Message: Torndeco: 20/02/15


extDB2: Found extdb-conf.ini
extDB2: Detected 8 Cores, Setting up 6 Worker Threads


[16:04:15:016496 +02:00] [Thread 20080] extDB2: Database Type: MySQL
[16:04:15:018969 +02:00] [Thread 20080] extDB2: Database Session Pool Started
[16:04:15:020255 +02:00] [Thread 20080] extDB2: SQL_CUSTOM_V2: Loading Template Filename: C:\Arma\Server\@Exileserver\extDB\sql_custom_v2\exile.ini
[16:04:15:020381 +02:00] [Thread 20080] extDB2: SQL_CUSTOM_V2: Version 12 Detected, Latest Version 12 Available
[16:04:15:076861 +02:00] [Thread 20080] extDB2: LOG: Error: Failed opening file C:\Arma\Server\@Exileserver\extDB\logs\2018\12\07\Exile_TradingLog.log for writing
[16:04:15:076900 +02:00] [Thread 20080] extDB2: Failed to Load Protocol: LOG
[16:04:15:131645 +02:00] [Thread 20080] extDB2: LOG: Error: Failed opening file C:\Arma\Server\@Exileserver\extDB\logs\2018\12\07\Exile_DeathLog.log for writing
[16:04:15:131682 +02:00] [Thread 20080] extDB2: Failed to Load Protocol: LOG
[16:04:15:186506 +02:00] [Thread 20080] extDB2: LOG: Error: Failed opening file C:\Arma\Server\@Exileserver\extDB\logs\2018\12\07\Exile_TerritoryLog.log for writing
[16:04:15:186548 +02:00] [Thread 20080] extDB2: Failed to Load Protocol: LOG
