[07:27:12:675328 +02:00] [Thread 944] stas mizulin commited suicide!
[16:16:43:914325 +02:00] [Thread 1404] Franck Idraned commited suicide!
[16:31:35:409316 +02:00] [Thread 1404] Franck Idraned commited suicide!
[16:40:24:972605 +02:00] [Thread 2444] Franck Idraned was killed by an NPC!
[16:44:02:524049 +02:00] [Thread 2264] Franck Idraned was killed by an NPC!
[17:47:09:443648 +02:00] [Thread 1404] Lazouille commited suicide!
[18:13:22:386615 +02:00] [Thread 2432] dado was killed by an NPC!
[18:13:22:986649 +02:00] [Thread 2264] Lazouille was killed by an NPC!
[18:13:59:687749 +02:00] [Thread 2748] Lazouille commited suicide!
[18:15:12:688924 +02:00] [Thread 1404] Lazouille was killed by an NPC!
[18:15:29:566889 +02:00] [Thread 2264] v1 was killed by an NPC!
[18:15:34:443168 +02:00] [Thread 2432] Lazouille was killed by an NPC!
[18:15:50:353078 +02:00] [Thread 1404] Lazouille was killed by an NPC!
[18:18:42:018897 +02:00] [Thread 2432] Lazouille commited suicide!
[18:51:31:387906 +02:00] [Thread 4220] dado died because... Arma.
[18:51:31:425908 +02:00] [Thread 4368] Lazouille was killed by an NPC!
[18:53:42:654414 +02:00] [Thread 4220] v1 commited suicide!
[18:55:30:463580 +02:00] [Thread 4368] dado was killed by an NPC!
[18:55:44:216367 +02:00] [Thread 4220] dado commited suicide!
[19:01:22:076691 +02:00] [Thread 4368] v1 commited suicide!
[19:06:46:995276 +02:00] [Thread 4220] dado commited suicide!
[19:33:11:082880 +02:00] [Thread 5224] Demize86 commited suicide!
[19:35:53:346161 +02:00] [Thread 4368] Lazouille was killed by an NPC!
[19:44:15:203866 +02:00] [Thread 4368] Lazouille was killed by an NPC!
[19:53:29:968596 +02:00] [Thread 5224] Julius was team-killed by v1!
[19:54:16:242243 +02:00] [Thread 4368] Julius commited suicide!
[20:17:55:038394 +02:00] [Thread 4368] Lazouille commited suicide!
[20:19:10:805727 +02:00] [Thread 4220] bossk died and nobody knows why.
[20:50:11:243138 +02:00] [Thread 4368] Lazouille was team-killed by dado!
[21:06:56:584641 +02:00] [Thread 1900] v1 was killed by an NPC!
[21:10:46:677801 +02:00] [Thread 1900] Franck Idraned was killed by an NPC!
[21:12:21:375217 +02:00] [Thread 4368] v1 commited suicide!
[21:12:55:847189 +02:00] [Thread 1900] Lazouille was killed by an NPC!
[21:17:48:507928 +02:00] [Thread 4220] Franck Idraned commited suicide!
[21:19:01:876125 +02:00] [Thread 1900] Julius was killed by an NPC!
[22:14:16:526864 +02:00] [Thread 6056] Slump died a mysterious death.
[22:21:11:184581 +02:00] [Thread 6056] dado was team-killed by Franck Idraned!
[22:26:27:790690 +02:00] [Thread 1772] v1 commited suicide!
[22:36:42:968876 +02:00] [Thread 5796] Franck Idraned was killed by an NPC!
[22:37:57:702150 +02:00] [Thread 5796] dado was killed by an NPC!
[22:38:15:882190 +02:00] [Thread 1772] dado commited suicide!
[22:38:54:521400 +02:00] [Thread 1772] v1 was killed by an NPC!
[22:40:03:370338 +02:00] [Thread 5796] v1 commited suicide!
[22:41:48:189333 +02:00] [Thread 5796] dado was killed by an NPC!
[22:42:31:823829 +02:00] [Thread 1772] Franck Idraned was killed by an NPC!
[22:43:17:570446 +02:00] [Thread 1772] Franck Idraned was killed by an NPC!
[22:43:18:966526 +02:00] [Thread 4696] Julius was killed by an NPC!
[22:57:01:595577 +02:00] [Thread 4696] v1 commited suicide!
[22:59:32:328199 +02:00] [Thread 5796] dado crashed to death!
[22:59:32:419204 +02:00] [Thread 6056] v1 crashed to death!
[23:24:15:249017 +02:00] [Thread 1772] v1 was team-killed by Julius!
[23:27:51:662395 +02:00] [Thread 6056] v1 commited suicide!
[23:31:26:348674 +02:00] [Thread 6056] dado commited suicide!
[23:32:01:270672 +02:00] [Thread 4696] dado commited suicide!
[23:51:24:418200 +02:00] [Thread 6056] dado was team-killed by v1!
[01:14:03:828613 +02:00] [Thread 3264] Ph3nix_545 commited suicide!
[01:18:01:373200 +02:00] [Thread 3264] Ph3nix_545 commited suicide!
[01:20:26:658510 +02:00] [Thread 5136] Ph3nix_545 was killed by an NPC!
[01:21:04:113652 +02:00] [Thread 3264] Ph3nix_545 was killed by an NPC!
[01:23:59:412679 +02:00] [Thread 3264] Ph3nix_545 was killed by an NPC!
[01:25:17:838164 +02:00] [Thread 3804] Ph3nix_545 was killed by an NPC!
[02:06:21:336068 +02:00] [Thread 3264] 48793 commited suicide!
[02:25:52:753069 +02:00] [Thread 3804] 48793 died due to Arma bugs and is probably very salty right now.
[02:35:41:673754 +02:00] [Thread 5136] Crusader commited suicide!
[02:42:22:210663 +02:00] [Thread 5136] sajan was killed by an NPC!
