extDB2: Version: 70
extDB2: https://github.com/Torndeco/extDB2
extDB2: Windows Version
Message: All development for extDB2 is done on a Linux Dedicated Server
Message: If you would like to Donate to extDB2 Development
Message: https://www.paypal.com/cgi-bin/webscr?cmd=_s-xclick&hosted_button_id=2SUEFTGABTAM2
Message: Also leave a message if there is any particular feature you would like to see added.
Message: Thanks for all the people that have donated.
Message: Torndeco: 20/02/15


extDB2: Found extdb-conf.ini
extDB2: Detected 8 Cores, Setting up 6 Worker Threads


[18:48:49:667736 +02:00] [Thread 2824] extDB2: Database Type: MySQL
[18:48:49:675736 +02:00] [Thread 2824] extDB2: Database Session Pool Started
[18:48:49:679736 +02:00] [Thread 2824] extDB2: SQL_CUSTOM_V2: Loading Template Filename: C:\Arma\Server\@Exileserver\extDB\sql_custom_v2\exile.ini
[18:48:49:680736 +02:00] [Thread 2824] extDB2: SQL_CUSTOM_V2: Version 12 Detected, Latest Version 12 Available
[18:48:53:005927 +02:00] [Thread 2824] extDB2: SQL_CUSTOM_V2: Error No Custom Call Not Found: Input String loadTerritoryVehicles:1
[18:48:53:005927 +02:00] [Thread 2824] extDB2: SQL_CUSTOM_V2: Error No Custom Call Not Found: Callname loadTerritoryVehicles
[19:04:10:969431 +02:00] [Thread 5384] extDB2: SQL_CUSTOM_V2: Error StatementException: MySQL: [MySQL]: [Comment]: mysql_stmt_prepare error	[mysql_stmt_error]: Table 'exile.player' doesn't exist	[mysql_stmt_errno]: 1146	[mysql_stmt_sqlstate]: 42S02	[statemnt]: UPDATE player SET name = ?, damage  = ?, hunger = ?, thirst = ?, alcohol = ?, oxygen_remaining  = ?, bleeding_remaining = ?, hitpoints = ?, direction = ?, position_x = ?, position_y = ?, position_z = ?, assigned_items = ?, backpack = ?, backpack_items = ?, backpack_magazines = ?, backpack_weapons = ?, current_weapon = ?, goggles = ?, handgun_items = ?, handgun_weapon = ?, headgear = ?, binocular = ?, loaded_magazines = ?, primary_weapon = ?, primary_weapon_items = ?, secondary_weapon = ?, secondary_weapon_items = ?, uniform = ?, uniform_items = ?, uniform_magazines = ?, uniform_weapons = ?, vest = ?, vest_items = ?, vest_magazines = ?, vest_weapons = ?, temperature = ?, wetness = ? WHERE id = ?
[19:04:10:969431 +02:00] [Thread 5384] extDB2: SQL_CUSTOM_V2: Wiping Statements + Session
[19:04:10:969431 +02:00] [Thread 5384] extDB2: SQL_CUSTOM_V2: Error: UniqueID: 1 Input String: updatePlayer:v1:0.011811:58.604183:38.429604:0:1:0:[["face_hub",0.011811],["neck",0.011811],["head",0.011811],["pelvis",0.011811],["spine1",0.011811],["spine2",0.011811],["spine3",0.011811],["body",0.011811],["arms",0.011811],["hands",0.011811],["legs",0.011811],["body",0.011811]]:234.823669:11754.491211:5658.475098:1.464172:["ItemMap","ItemCompass","Exile_Item_XM8","ItemRadio"]:B_Kitbag_sgg:[]:[["Exile_Item_SausageGravy",1],["Exile_Item_SausageGravy",1],["Exile_Item_PlasticBottleCoffee",1],["Exile_Item_PlasticBottleCoffee",1],["Exile_Item_PlasticBottleCoffee",1],["Exile_Item_InstaDoc",1],["Exile_Item_InstaDoc",1],["Exile_Item_InstaDoc",1],["Exile_Item_InstaDoc",1],["Exile_Item_DuctTape",1],["Exile_Item_DuctTape",1],["Exile_Item_MacasCheese",1],["Exile_Item_MacasCheese",1],["Exile_Item_MacasCheese",1],["hlc_100Rnd_762x51_T_M60E4",100],["hlc_100Rnd_762x51_T_M60E4",14]]:[]::G_Sport_Greenblack:["","","",""]::H_HelmetB::[["hlc_lmg_mk48","hlc_100Rnd_762x51_T_M60E4",100,"hlc_lmg_mk48"]]:hlc_lmg_mk48:["","","optic_SOS","bipod_02_F_tan"]::["","","",""]:Exile_Uniform_Woodland:[]:[["Exile_Item_PlasticBottleFreshWater",1],["Exile_Item_Vishpirin",1],["Exile_Item_PlasticBottleFreshWater",1],["Exile_Item_CanOpener",1],["hlc_100Rnd_762x51_T_M60E4",100]]:[]:V_PlateCarrierH_CTRG:[]:[["Exile_Item_PlasticBottleFreshWater",1],["Exile_Item_PlasticBottleFreshWater",1],["Exile_Item_ExtensionCord",1],["Exile_Item_DuctTape",1],["hlc_100Rnd_762x51_T_M60E4",100],["hlc_100Rnd_762x51_T_M60E4",100]]:[]:37:0:116
[19:05:52:043212 +02:00] [Thread 5384] extDB2: SQL_CUSTOM_V2: Error StatementException: MySQL: [MySQL]: [Comment]: mysql_stmt_prepare error	[mysql_stmt_error]: Table 'exile.player' doesn't exist	[mysql_stmt_errno]: 1146	[mysql_stmt_sqlstate]: 42S02	[statemnt]: UPDATE player SET name = ?, damage  = ?, hunger = ?, thirst = ?, alcohol = ?, oxygen_remaining  = ?, bleeding_remaining = ?, hitpoints = ?, direction = ?, position_x = ?, position_y = ?, position_z = ?, assigned_items = ?, backpack = ?, backpack_items = ?, backpack_magazines = ?, backpack_weapons = ?, current_weapon = ?, goggles = ?, handgun_items = ?, handgun_weapon = ?, headgear = ?, binocular = ?, loaded_magazines = ?, primary_weapon = ?, primary_weapon_items = ?, secondary_weapon = ?, secondary_weapon_items = ?, uniform = ?, uniform_items = ?, uniform_magazines = ?, uniform_weapons = ?, vest = ?, vest_items = ?, vest_magazines = ?, vest_weapons = ?, temperature = ?, wetness = ? WHERE id = ?
[19:05:52:043212 +02:00] [Thread 5384] extDB2: SQL_CUSTOM_V2: Wiping Statements + Session
[19:05:52:043212 +02:00] [Thread 5384] extDB2: SQL_CUSTOM_V2: Error: UniqueID: 1 Input String: updatePlayer:Slump:0.287402:74.429436:34.597393:0:1:0:[["face_hub",0.287402],["neck",0.287402],["head",0.287402],["pelvis",0.287402],["spine1",0.287402],["spine2",0.287402],["spine3",0.287402],["body",0.287402],["arms",0.287402],["hands",0.287402],["legs",0.287402],["body",0.287402]]:337.561829:6185.507813:8087.200195:1.13324:["ItemMap","ItemCompass","Exile_Item_XM8","ItemRadio","O_NVGoggles_urb_F"]:B_Bergen_mcamo_F:[["optic_LRPS_tna_F",1]]:[["Exile_Item_InstaDoc",1],["Exile_Item_BeefParts",1],["HandGrenade",1],["Exile_Item_ChocolateMilk",1],["hlc_200rnd_556x45_M_SAW",200],["Exile_Item_MountainDupe",1],["Exile_Item_MountainDupe",1],["200Rnd_556x45_Box_Tracer_F",200],["200Rnd_556x45_Box_Tracer_F",200],["200Rnd_556x45_Box_Tracer_F",200],["MiniGrenade",1],["Exile_Item_Vishpirin",1],["Exile_Item_Noodles",1],["DemoCharge_Remote_Mag",1]]:[]:LMG_03_F:G_Sport_Checkered:["","","",""]::H_HelmetB_plain_blk::[["LMG_03_F","200Rnd_556x45_Box_Red_F",143,"LMG_03_F"]]:LMG_03_F:["muzzle_snds_m_snd_F","","optic_Arco_ghex_F",""]::["","","",""]:U_IG_Guerilla3_2:[]:[["Exile_Item_ChristmasTinner",1],["Exile_Item_ChocolateMilk",1],["Exile_Item_PlasticBottleFreshWater",1],["Exile_Item_MountainDupe",1],["Exile_Item_DsNuts",1],["Exile_Item_CanOpener",1],["Exile_Item_Noodles",1],["Exile_Item_CanOpener",1],["Exile_Item_MountainDupe",1]]:[]:V_Chestrig_oli:[]:[["Exile_Item_PowerDrink",1],["Exile_Item_BeefParts",1],["Exile_Item_SeedAstics",1],["Exile_Item_ChocolateMilk",1],["Exile_Item_DsNuts",1],["200Rnd_556x45_Box_Red_F",200],["Exile_Item_EnergyDrink",1],["Exile_Item_EnergyDrink",1],["Exile_Item_ChocolateMilk",1],["Exile_Item_GloriousKnakworst",1],["Exile_Item_Surstromming",1],["Exile_Item_InstaDoc",1],["Exile_Item_MountainDupe",1]]:[]:37:0:135
[19:06:41:805058 +02:00] [Thread 2824] extDB2: SQL_CUSTOM_V2: Error StatementException: MySQL: [MySQL]: [Comment]: mysql_stmt_prepare error	[mysql_stmt_error]: Table 'exile.account' doesn't exist	[mysql_stmt_errno]: 1146	[mysql_stmt_sqlstate]: 42S02	[statemnt]: SELECT CASE WHEN EXISTS(SELECT uid FROM account WHERE uid = ?) THEN 'true' ELSE 'false' END
[19:06:41:806058 +02:00] [Thread 2824] extDB2: SQL_CUSTOM_V2: Wiping Statements + Session
[19:06:41:806058 +02:00] [Thread 2824] extDB2: SQL_CUSTOM_V2: Error: UniqueID: 1 Input String: isKnownAccount:76561198044866508
[19:06:41:810059 +02:00] [Thread 2824] extDB2: SQL_CUSTOM_V2: Error StatementException: MySQL: [MySQL]: [Comment]: mysql_stmt_prepare error	[mysql_stmt_error]: Table 'exile.account' doesn't exist	[mysql_stmt_errno]: 1146	[mysql_stmt_sqlstate]: 42S02	[statemnt]: SELECT CASE WHEN EXISTS(SELECT uid FROM account WHERE uid = ?) THEN 'true' ELSE 'false' END
[19:06:41:810059 +02:00] [Thread 2824] extDB2: SQL_CUSTOM_V2: Wiping Statements + Session
[19:06:41:810059 +02:00] [Thread 2824] extDB2: SQL_CUSTOM_V2: Error: UniqueID: 1 Input String: isKnownAccount:76561198044866508
[19:06:44:618219 +02:00] [Thread 2824] extDB2: SQL_CUSTOM_V2: Error StatementException: MySQL: [MySQL]: [Comment]: mysql_stmt_prepare error	[mysql_stmt_error]: Table 'exile.player' doesn't exist	[mysql_stmt_errno]: 1146	[mysql_stmt_sqlstate]: 42S02	[statemnt]: SELECT CASE WHEN EXISTS(SELECT account_uid FROM player WHERE account_uid = ? AND damage < 1) THEN 'true' ELSE 'false' END
[19:06:44:619219 +02:00] [Thread 2824] extDB2: SQL_CUSTOM_V2: Wiping Statements + Session
[19:06:44:619219 +02:00] [Thread 2824] extDB2: SQL_CUSTOM_V2: Error: UniqueID: 1 Input String: hasAlivePlayer:76561198044866508
[19:07:24:743514 +02:00] [Thread 6116] extDB2: SQL_CUSTOM_V2: Error StatementException: MySQL: [MySQL]: [Comment]: mysql_stmt_prepare error	[mysql_stmt_error]: Table 'exile.player' doesn't exist	[mysql_stmt_errno]: 1146	[mysql_stmt_sqlstate]: 42S02	[statemnt]: UPDATE player SET name = ?, damage  = ?, hunger = ?, thirst = ?, alcohol = ?, oxygen_remaining  = ?, bleeding_remaining = ?, hitpoints = ?, direction = ?, position_x = ?, position_y = ?, position_z = ?, assigned_items = ?, backpack = ?, backpack_items = ?, backpack_magazines = ?, backpack_weapons = ?, current_weapon = ?, goggles = ?, handgun_items = ?, handgun_weapon = ?, headgear = ?, binocular = ?, loaded_magazines = ?, primary_weapon = ?, primary_weapon_items = ?, secondary_weapon = ?, secondary_weapon_items = ?, uniform = ?, uniform_items = ?, uniform_magazines = ?, uniform_weapons = ?, vest = ?, vest_items = ?, vest_magazines = ?, vest_weapons = ?, temperature = ?, wetness = ? WHERE id = ?
[19:07:24:744514 +02:00] [Thread 6116] extDB2: SQL_CUSTOM_V2: Wiping Statements + Session
[19:07:24:744514 +02:00] [Thread 6116] extDB2: SQL_CUSTOM_V2: Error: UniqueID: 1 Input String: updatePlayer:dado:0:100:100:0:1:0:[]:0:14835.140625:14794.236328:0.000495911:["ItemMap","ItemCompass","ItemWatch","ItemRadio"]::[]:[]:[]:::["","","",""]::::[]::["","","",""]::["","","",""]::[]:[]:[]::[]:[]:[]:0:0:-1
[19:11:36:627921 +02:00] [Thread 2824] extDB2: SQL_CUSTOM_V2: Error StatementException: MySQL: [MySQL]: [Comment]: mysql_stmt_execute error	[mysql_stmt_error]: Cannot add or update a child row: a foreign key constraint fails (`exile`.`player`, CONSTRAINT `player_ibfk_1` FOREIGN KEY (`account_uid`) REFERENCES `account` (`uid`) ON DELETE CASCADE)	[mysql_stmt_errno]: 1452	[mysql_stmt_sqlstate]: 23000	[statemnt]: INSERT INTO player SET account_uid = ?, name = ?
[19:11:36:627921 +02:00] [Thread 2824] extDB2: SQL_CUSTOM_V2: Wiping Statements + Session
[19:11:36:627921 +02:00] [Thread 2824] extDB2: SQL_CUSTOM_V2: Error: UniqueID: 1 Input String: createPlayer:76561197969481938:Slump
[20:07:22:470293 +02:00] [Thread 5384] extDB2: SQL_CUSTOM_V2: Error StatementException: MySQL: [MySQL]: [Comment]: mysql_stmt_prepare error	[mysql_stmt_error]: Table 'exile.container' doesn't exist	[mysql_stmt_errno]: 1146	[mysql_stmt_sqlstate]: 42S02	[statemnt]: UPDATE container SET money = ?, last_updated_at = NOW() WHERE id = ?
[20:07:22:470293 +02:00] [Thread 5384] extDB2: SQL_CUSTOM_V2: Wiping Statements + Session
[20:07:22:470293 +02:00] [Thread 5384] extDB2: SQL_CUSTOM_V2: Error: UniqueID: 1 Input String: setContainerMoney:0:36
[20:51:19:876144 +02:00] [Thread 2824] extDB2: SQL_CUSTOM_V2: Error StatementException: MySQL: [MySQL]: [Comment]: mysql_stmt_prepare error	[mysql_stmt_error]: Table 'exile.container' doesn't exist	[mysql_stmt_errno]: 1146	[mysql_stmt_sqlstate]: 42S02	[statemnt]: INSERT INTO container SET class = ?, account_uid = ?, position_x = ?, position_y = ?, position_z = ?, direction_x = ?, direction_y = ?, direction_z = ?, up_x = ?, up_y = ?, up_z = ?, cargo_items = ?, cargo_magazines = ?, cargo_weapons = ?, cargo_container = ?, money = ?, pin_code = ?, territory_id = 1
[20:51:19:877144 +02:00] [Thread 2824] extDB2: SQL_CUSTOM_V2: Wiping Statements + Session
[20:51:19:877144 +02:00] [Thread 2824] extDB2: SQL_CUSTOM_V2: Error: UniqueID: 1 Input String: insertContainer:Exile_Container_Safe:76561198044866508:5074.765137:6264.0771484:0.0148621:-0.363788:0.931482:0:0:0:1:[]:[]:[]:[]:0:0000:1
[20:52:50:422322 +02:00] [Thread 2824] extDB2: SQL_CUSTOM_V2: Error StatementException: MySQL: [MySQL]: [Comment]: mysql_stmt_prepare error	[mysql_stmt_error]: Table 'exile.container' doesn't exist	[mysql_stmt_errno]: 1146	[mysql_stmt_sqlstate]: 42S02	[statemnt]: INSERT INTO container SET class = ?, account_uid = ?, position_x = ?, position_y = ?, position_z = ?, direction_x = ?, direction_y = ?, direction_z = ?, up_x = ?, up_y = ?, up_z = ?, cargo_items = ?, cargo_magazines = ?, cargo_weapons = ?, cargo_container = ?, money = ?, pin_code = ?, territory_id = 1
[20:52:50:422322 +02:00] [Thread 2824] extDB2: SQL_CUSTOM_V2: Wiping Statements + Session
[20:52:50:422322 +02:00] [Thread 2824] extDB2: SQL_CUSTOM_V2: Error: UniqueID: 1 Input String: insertContainer:Land_ShelvesWooden_khaki_F:76561198227507388:5075.28418:6262.912598:0.0275269:-0.379568:0.925164:0:0:0:1:[]:[]:[]:[]:0:0000:1
