extDB2: Version: 70
extDB2: https://github.com/Torndeco/extDB2
extDB2: Windows Version
Message: All development for extDB2 is done on a Linux Dedicated Server
Message: If you would like to Donate to extDB2 Development
Message: https://www.paypal.com/cgi-bin/webscr?cmd=_s-xclick&hosted_button_id=2SUEFTGABTAM2
Message: Also leave a message if there is any particular feature you would like to see added.
Message: Thanks for all the people that have donated.
Message: Torndeco: 20/02/15


extDB2: Found extdb-conf.ini
extDB2: Detected 8 Cores, Setting up 6 Worker Threads


[19:22:15:672879 +02:00] [Thread 34024] extDB2: Database Type: MySQL
[19:22:15:676067 +02:00] [Thread 34024] extDB2: Database Session Pool Started
[19:22:15:677222 +02:00] [Thread 34024] extDB2: SQL_CUSTOM_V2: Loading Template Filename: C:\Arma\Server\@Exileserver\extDB\sql_custom_v2\exile.ini
[19:22:15:677355 +02:00] [Thread 34024] extDB2: SQL_CUSTOM_V2: Version 12 Detected, Latest Version 12 Available
[19:22:15:967706 +02:00] [Thread 15564] extDB2: SQL_CUSTOM_V2: Error StatementException: MySQL: [MySQL]: [Comment]: mysql_stmt_prepare error	[mysql_stmt_error]: Table 'exile.construction' doesn't exist	[mysql_stmt_errno]: 1146	[mysql_stmt_sqlstate]: 42S02	[statemnt]: UPDATE construction SET pin_code = '0000' WHERE (SELECT flag_stolen_at FROM territory WHERE territory.id = construction.territory_id AND territory.flag_stolen_at < DATE_SUB(NOW(), INTERVAL ? DAY)) AND pin_code != '000000'
[19:22:15:967736 +02:00] [Thread 15564] extDB2: SQL_CUSTOM_V2: Wiping Statements + Session
[19:22:15:978311 +02:00] [Thread 33404] extDB2: SQL_CUSTOM_V2: Error StatementException: MySQL: [MySQL]: [Comment]: mysql_stmt_prepare error	[mysql_stmt_error]: Table 'exile.construction' doesn't exist	[mysql_stmt_errno]: 1146	[mysql_stmt_sqlstate]: 42S02	[statemnt]: UPDATE construction SET deleted_at = (SELECT deleted_at FROM territory WHERE territory.id = construction.territory_id AND territory.deleted_at IS NOT NULL) WHERE construction.territory_id IS NOT NULL
[19:22:15:978336 +02:00] [Thread 33404] extDB2: SQL_CUSTOM_V2: Wiping Statements + Session
[19:22:15:987828 +02:00] [Thread 15564] extDB2: SQL_CUSTOM_V2: Error: UniqueID: 1 Input String: setAbandonedUnlocked:2
[19:22:15:987848 +02:00] [Thread 33404] extDB2: SQL_CUSTOM_V2: Error: UniqueID: 1 Input String: markDeleteUnpaidTerritories:7
[19:22:15:988262 +02:00] [Thread 29388] extDB2: SQL_CUSTOM_V2: Error StatementException: MySQL: [MySQL]: [Comment]: mysql_stmt_prepare error	[mysql_stmt_error]: Table 'exile.construction' doesn't exist	[mysql_stmt_errno]: 1146	[mysql_stmt_sqlstate]: 42S02	[statemnt]: UPDATE construction SET deleted_at = NOW() WHERE spawned_at < DATE_SUB(NOW(), INTERVAL ? DAY) AND territory_id IS NULL AND deleted_at IS NULL
[19:22:15:988290 +02:00] [Thread 29388] extDB2: SQL_CUSTOM_V2: Wiping Statements + Session
[19:22:15:988498 +02:00] [Thread 29388] extDB2: SQL_CUSTOM_V2: Error: UniqueID: 1 Input String: markDeleteOldConstructions:2
[19:22:15:989822 +02:00] [Thread 33404] extDB2: SQL_CUSTOM_V2: Error StatementException: MySQL: [MySQL]: [Comment]: mysql_stmt_prepare error	[mysql_stmt_error]: Table 'exile.construction' doesn't exist	[mysql_stmt_errno]: 1146	[mysql_stmt_sqlstate]: 42S02	[statemnt]: DELETE FROM construction WHERE deleted_at < DATE_SUB(NOW(), INTERVAL ? DAY) AND territory_id IS NULL
[19:22:15:989860 +02:00] [Thread 33404] extDB2: SQL_CUSTOM_V2: Wiping Statements + Session
[19:22:15:990161 +02:00] [Thread 33404] extDB2: SQL_CUSTOM_V2: Error: UniqueID: 1 Input String: deleteOldConstructions:3
[19:22:15:996796 +02:00] [Thread 34024] extDB2: SQL_CUSTOM_V2: Error StatementException: MySQL: [MySQL]: [Comment]: mysql_stmt_prepare error	[mysql_stmt_error]: Table 'exile.construction' doesn't exist	[mysql_stmt_errno]: 1146	[mysql_stmt_sqlstate]: 42S02	[statemnt]: SELECT id FROM construction WHERE deleted_at IS NULL LIMIT ?,?
[19:22:15:996822 +02:00] [Thread 34024] extDB2: SQL_CUSTOM_V2: Wiping Statements + Session
[19:22:15:996831 +02:00] [Thread 34024] extDB2: SQL_CUSTOM_V2: Error: UniqueID: 1 Input String: loadConstructionIdPage:0:100
[19:23:29:135074 +02:00] [Thread 34024] extDB2: Stopping ...
