[09:34:07:367814 +02:00] [Thread 3240] PLAYER: ( 76561198227507388 ) R low julius:1 (Franck Idraned) REMOTE SOLD ITEM: Exile_Car_Ural_Open_Worker (ID# <null>) with Cargo [] FOR 12500 POPTABS AND 1250 RESPECT | PLAYER TOTAL MONEY: 12534
[09:35:44:074345 +02:00] [Thread 3240] PLAYER: ( 76561198227507388 ) R low julius:1 (Franck Idraned) REMOTE SOLD ITEM arifle_MX_SW_F FOR 125 POPTABS AND 12.5 RESPECT | PLAYER TOTAL MONEY: 1659
[09:37:42:445116 +02:00] [Thread 3240] PLAYER: ( 76561198227507388 ) R low julius:1 (Franck Idraned) REMOTE SOLD ITEM Exile_Headgear_GasMask FOR 250 POPTABS AND 25 RESPECT | PLAYER TOTAL MONEY: 1909
[09:40:39:678253 +02:00] [Thread 3240] PLAYER: ( 76561198227507388 ) R low julius:1 (Franck Idraned) REMOTE SOLD ITEM hlc_rifle_SLR FOR 475 POPTABS AND 47.5 RESPECT | PLAYER TOTAL MONEY: 2384
[09:41:31:146197 +02:00] [Thread 5320] PLAYER: ( 76561198227507388 ) R low julius:1 (Franck Idraned) REMOTE PURCHASED ITEM Exile_Item_Raisins FOR 10 POPTABS | PLAYER TOTAL MONEY: 2374
[09:41:32:148254 +02:00] [Thread 5320] PLAYER: ( 76561198227507388 ) R low julius:1 (Franck Idraned) REMOTE PURCHASED ITEM Exile_Item_Raisins FOR 10 POPTABS | PLAYER TOTAL MONEY: 2364
[09:41:33:030304 +02:00] [Thread 5320] PLAYER: ( 76561198227507388 ) R low julius:1 (Franck Idraned) REMOTE PURCHASED ITEM Exile_Item_Raisins FOR 10 POPTABS | PLAYER TOTAL MONEY: 2354
[09:41:33:958357 +02:00] [Thread 5320] PLAYER: ( 76561198227507388 ) R low julius:1 (Franck Idraned) REMOTE PURCHASED ITEM Exile_Item_Raisins FOR 10 POPTABS | PLAYER TOTAL MONEY: 2344
[09:41:34:801406 +02:00] [Thread 5320] PLAYER: ( 76561198227507388 ) R low julius:1 (Franck Idraned) REMOTE PURCHASED ITEM Exile_Item_Raisins FOR 10 POPTABS | PLAYER TOTAL MONEY: 2334
[10:05:52:745762 +02:00] [Thread 4464] PLAYER: ( 76561198227507388 ) R low julius:1 (Franck Idraned) REMOTE SOLD ITEM Exile_Weapon_m107 FOR 425 POPTABS AND 42.5 RESPECT | PLAYER TOTAL MONEY: 2759
[10:07:12:790340 +02:00] [Thread 5136] PLAYER: ( 76561198227507388 ) R low julius:1 (Franck Idraned) REMOTE PURCHASED ITEM 30Rnd_65x39_caseless_mag_Tracer FOR 30 POPTABS | PLAYER TOTAL MONEY: 2729
[10:07:13:790397 +02:00] [Thread 4796] PLAYER: ( 76561198227507388 ) R low julius:1 (Franck Idraned) REMOTE PURCHASED ITEM 30Rnd_65x39_caseless_mag_Tracer FOR 30 POPTABS | PLAYER TOTAL MONEY: 2699
[10:07:14:732451 +02:00] [Thread 4796] PLAYER: ( 76561198227507388 ) R low julius:1 (Franck Idraned) REMOTE PURCHASED ITEM 30Rnd_65x39_caseless_mag_Tracer FOR 30 POPTABS | PLAYER TOTAL MONEY: 2669
[10:07:15:611501 +02:00] [Thread 4796] PLAYER: ( 76561198227507388 ) R low julius:1 (Franck Idraned) REMOTE PURCHASED ITEM 30Rnd_65x39_caseless_mag_Tracer FOR 30 POPTABS | PLAYER TOTAL MONEY: 2639
[10:07:16:591558 +02:00] [Thread 5136] PLAYER: ( 76561198227507388 ) R low julius:1 (Franck Idraned) REMOTE PURCHASED ITEM 30Rnd_65x39_caseless_mag_Tracer FOR 30 POPTABS | PLAYER TOTAL MONEY: 2609
[10:07:17:619616 +02:00] [Thread 5136] PLAYER: ( 76561198227507388 ) R low julius:1 (Franck Idraned) REMOTE PURCHASED ITEM 30Rnd_65x39_caseless_mag_Tracer FOR 30 POPTABS | PLAYER TOTAL MONEY: 2579
[10:07:18:342658 +02:00] [Thread 5136] PLAYER: ( 76561198227507388 ) R low julius:1 (Franck Idraned) REMOTE PURCHASED ITEM 30Rnd_65x39_caseless_mag_Tracer FOR 30 POPTABS | PLAYER TOTAL MONEY: 2549
[10:10:11:184544 +02:00] [Thread 5136] PLAYER: ( 76561198227507388 ) R low julius:1 (Franck Idraned) REMOTE PURCHASED ITEM hlc_rifle_awMagnum_OD_ghillie FOR 1000 POPTABS | PLAYER TOTAL MONEY: 1549
[10:13:21:706441 +02:00] [Thread 5136] PLAYER: ( 76561198227507388 ) R low julius:1 (Franck Idraned) REMOTE PURCHASED ITEM bipod_02_F_blk FOR 10 POPTABS | PLAYER TOTAL MONEY: 1539
[10:13:26:267702 +02:00] [Thread 5136] PLAYER: ( 76561198227507388 ) R low julius:1 (Franck Idraned) REMOTE PURCHASED ITEM bipod_03_F_blk FOR 10 POPTABS | PLAYER TOTAL MONEY: 1529
[10:13:48:280961 +02:00] [Thread 4464] PLAYER: ( 76561198227507388 ) R low julius:1 (Franck Idraned) REMOTE SOLD ITEM bipod_01_F_snd FOR 5 POPTABS AND 0.5 RESPECT | PLAYER TOTAL MONEY: 1534
[10:13:55:402368 +02:00] [Thread 4464] PLAYER: ( 76561198227507388 ) R low julius:1 (Franck Idraned) REMOTE SOLD ITEM bipod_01_F_khk FOR 5 POPTABS AND 0.5 RESPECT | PLAYER TOTAL MONEY: 1539
[10:13:57:322478 +02:00] [Thread 4464] PLAYER: ( 76561198227507388 ) R low julius:1 (Franck Idraned) REMOTE SOLD ITEM bipod_02_F_blk FOR 5 POPTABS AND 0.5 RESPECT | PLAYER TOTAL MONEY: 1544
[10:13:58:861566 +02:00] [Thread 4464] PLAYER: ( 76561198227507388 ) R low julius:1 (Franck Idraned) REMOTE SOLD ITEM bipod_03_F_blk FOR 5 POPTABS AND 0.5 RESPECT | PLAYER TOTAL MONEY: 1549
[10:14:20:933829 +02:00] [Thread 5136] PLAYER: ( 76561198227507388 ) R low julius:1 (Franck Idraned) REMOTE PURCHASED ITEM bipod_01_F_mtp FOR 10 POPTABS | PLAYER TOTAL MONEY: 1539
[10:14:28:136240 +02:00] [Thread 5136] PLAYER: ( 76561198227507388 ) R low julius:1 (Franck Idraned) REMOTE PURCHASED ITEM bipod_02_F_hex FOR 10 POPTABS | PLAYER TOTAL MONEY: 1529
[10:14:37:927801 +02:00] [Thread 5136] PLAYER: ( 76561198227507388 ) R low julius:1 (Franck Idraned) REMOTE PURCHASED ITEM bipod_03_F_oli FOR 10 POPTABS | PLAYER TOTAL MONEY: 1519
[10:15:01:394143 +02:00] [Thread 4464] PLAYER: ( 76561198227507388 ) R low julius:1 (Franck Idraned) REMOTE SOLD ITEM bipod_03_F_oli FOR 5 POPTABS AND 0.5 RESPECT | PLAYER TOTAL MONEY: 1524
[10:15:03:714275 +02:00] [Thread 4464] PLAYER: ( 76561198227507388 ) R low julius:1 (Franck Idraned) REMOTE SOLD ITEM bipod_01_F_mtp FOR 5 POPTABS AND 0.5 RESPECT | PLAYER TOTAL MONEY: 1529
[10:15:05:235362 +02:00] [Thread 4464] PLAYER: ( 76561198227507388 ) R low julius:1 (Franck Idraned) REMOTE SOLD ITEM bipod_02_F_hex FOR 5 POPTABS AND 0.5 RESPECT | PLAYER TOTAL MONEY: 1534
[10:15:33:080955 +02:00] [Thread 4796] PLAYER: ( 76561198227507388 ) R low julius:1 (Franck Idraned) REMOTE PURCHASED ITEM optic_SOS_khk_F FOR 200 POPTABS | PLAYER TOTAL MONEY: 1334
[10:15:55:862258 +02:00] [Thread 4796] PLAYER: ( 76561198227507388 ) R low julius:1 (Franck Idraned) REMOTE PURCHASED ITEM hlc_5rnd_300WM_T_AWM FOR 30 POPTABS | PLAYER TOTAL MONEY: 1304
[10:15:56:658304 +02:00] [Thread 4796] PLAYER: ( 76561198227507388 ) R low julius:1 (Franck Idraned) REMOTE PURCHASED ITEM hlc_5rnd_300WM_T_AWM FOR 30 POPTABS | PLAYER TOTAL MONEY: 1274
[10:15:57:539354 +02:00] [Thread 4796] PLAYER: ( 76561198227507388 ) R low julius:1 (Franck Idraned) REMOTE PURCHASED ITEM hlc_5rnd_300WM_T_AWM FOR 30 POPTABS | PLAYER TOTAL MONEY: 1244
[10:16:28:420120 +02:00] [Thread 4796] PLAYER: ( 76561198227507388 ) R low julius:1 (Franck Idraned) REMOTE PURCHASED ITEM muzzle_snds_65_TI_ghex_F FOR 75 POPTABS | PLAYER TOTAL MONEY: 1169
[10:16:31:764312 +02:00] [Thread 4796] PLAYER: ( 76561198227507388 ) R low julius:1 (Franck Idraned) REMOTE PURCHASED ITEM hlc_muzzle_300blk_KAC FOR 100 POPTABS | PLAYER TOTAL MONEY: 1069
[10:16:59:019871 +02:00] [Thread 4796] PLAYER: ( 76561198227507388 ) R low julius:1 (Franck Idraned) REMOTE PURCHASED ITEM hlc_muzzle_Agendasix10mm FOR 100 POPTABS | PLAYER TOTAL MONEY: 969
[10:17:38:675139 +02:00] [Thread 4464] PLAYER: ( 76561198227507388 ) R low julius:1 (Franck Idraned) REMOTE SOLD ITEM muzzle_snds_65_TI_ghex_F FOR 37 POPTABS AND 3.7 RESPECT | PLAYER TOTAL MONEY: 1006
[10:17:40:380236 +02:00] [Thread 4464] PLAYER: ( 76561198227507388 ) R low julius:1 (Franck Idraned) REMOTE SOLD ITEM hlc_muzzle_300blk_KAC FOR 50 POPTABS AND 5 RESPECT | PLAYER TOTAL MONEY: 1056
[10:17:41:481299 +02:00] [Thread 4464] PLAYER: ( 76561198227507388 ) R low julius:1 (Franck Idraned) REMOTE SOLD ITEM hlc_muzzle_Agendasix10mm FOR 50 POPTABS AND 5 RESPECT | PLAYER TOTAL MONEY: 1106
[10:18:03:222543 +02:00] [Thread 4796] PLAYER: ( 76561198227507388 ) R low julius:1 (Franck Idraned) REMOTE PURCHASED ITEM hlc_muzzle_545SUP_AK FOR 100 POPTABS | PLAYER TOTAL MONEY: 1006
[10:18:04:690627 +02:00] [Thread 4796] PLAYER: ( 76561198227507388 ) R low julius:1 (Franck Idraned) REMOTE PURCHASED ITEM hlc_muzzle_762SUP_AK FOR 100 POPTABS | PLAYER TOTAL MONEY: 906
[10:18:06:541733 +02:00] [Thread 4796] PLAYER: ( 76561198227507388 ) R low julius:1 (Franck Idraned) REMOTE PURCHASED ITEM hlc_muzzle_snds_M14 FOR 100 POPTABS | PLAYER TOTAL MONEY: 806
[10:18:08:589850 +02:00] [Thread 4796] PLAYER: ( 76561198227507388 ) R low julius:1 (Franck Idraned) REMOTE PURCHASED ITEM hlc_muzzle_snds_HK33 FOR 100 POPTABS | PLAYER TOTAL MONEY: 706
[10:18:11:677026 +02:00] [Thread 4796] PLAYER: ( 76561198227507388 ) R low julius:1 (Franck Idraned) REMOTE PURCHASED ITEM hlc_muzzle_Tundra FOR 100 POPTABS | PLAYER TOTAL MONEY: 606
[10:18:13:823149 +02:00] [Thread 4796] PLAYER: ( 76561198227507388 ) R low julius:1 (Franck Idraned) REMOTE PURCHASED ITEM hlc_muzzle_556NATO_KAC FOR 100 POPTABS | PLAYER TOTAL MONEY: 506
[10:18:15:610251 +02:00] [Thread 4796] PLAYER: ( 76561198227507388 ) R low julius:1 (Franck Idraned) REMOTE PURCHASED ITEM hlc_muzzle_snds_g3 FOR 100 POPTABS | PLAYER TOTAL MONEY: 406
[10:18:19:715486 +02:00] [Thread 4796] PLAYER: ( 76561198227507388 ) R low julius:1 (Franck Idraned) REMOTE PURCHASED ITEM hlc_muzzle_snds_a6AUG FOR 100 POPTABS | PLAYER TOTAL MONEY: 306
[10:19:02:645942 +02:00] [Thread 4464] PLAYER: ( 76561198227507388 ) R low julius:1 (Franck Idraned) REMOTE SOLD ITEM hlc_muzzle_545SUP_AK FOR 50 POPTABS AND 5 RESPECT | PLAYER TOTAL MONEY: 356
[10:19:03:689001 +02:00] [Thread 4464] PLAYER: ( 76561198227507388 ) R low julius:1 (Franck Idraned) REMOTE SOLD ITEM hlc_muzzle_762SUP_AK FOR 50 POPTABS AND 5 RESPECT | PLAYER TOTAL MONEY: 406
[10:19:04:869069 +02:00] [Thread 4464] PLAYER: ( 76561198227507388 ) R low julius:1 (Franck Idraned) REMOTE SOLD ITEM hlc_muzzle_snds_M14 FOR 50 POPTABS AND 5 RESPECT | PLAYER TOTAL MONEY: 456
[10:19:06:011134 +02:00] [Thread 4464] PLAYER: ( 76561198227507388 ) R low julius:1 (Franck Idraned) REMOTE SOLD ITEM hlc_muzzle_snds_HK33 FOR 50 POPTABS AND 5 RESPECT | PLAYER TOTAL MONEY: 506
[10:19:07:071195 +02:00] [Thread 4796] PLAYER: ( 76561198227507388 ) R low julius:1 (Franck Idraned) REMOTE SOLD ITEM hlc_muzzle_Tundra FOR 50 POPTABS AND 5 RESPECT | PLAYER TOTAL MONEY: 556
[10:19:08:193259 +02:00] [Thread 4796] PLAYER: ( 76561198227507388 ) R low julius:1 (Franck Idraned) REMOTE SOLD ITEM hlc_muzzle_556NATO_KAC FOR 50 POPTABS AND 5 RESPECT | PLAYER TOTAL MONEY: 606
[10:19:13:595568 +02:00] [Thread 4796] PLAYER: ( 76561198227507388 ) R low julius:1 (Franck Idraned) REMOTE SOLD ITEM hlc_muzzle_snds_g3 FOR 50 POPTABS AND 5 RESPECT | PLAYER TOTAL MONEY: 656
[10:19:14:875641 +02:00] [Thread 4796] PLAYER: ( 76561198227507388 ) R low julius:1 (Franck Idraned) REMOTE SOLD ITEM hlc_muzzle_snds_a6AUG FOR 50 POPTABS AND 5 RESPECT | PLAYER TOTAL MONEY: 706
[10:20:01:391302 +02:00] [Thread 4464] PLAYER: ( 76561198227507388 ) R low julius:1 (Franck Idraned) REMOTE PURCHASED ITEM bipod_01_F_mtp FOR 10 POPTABS | PLAYER TOTAL MONEY: 696
[10:21:37:473797 +02:00] [Thread 4464] PLAYER: ( 76561198227507388 ) R low julius:1 (Franck Idraned) REMOTE PURCHASED ITEM hgun_P07_khk_F FOR 65 POPTABS | PLAYER TOTAL MONEY: 631
[10:21:42:214068 +02:00] [Thread 5136] PLAYER: ( 76561198227507388 ) R low julius:1 (Franck Idraned) REMOTE PURCHASED ITEM 30Rnd_9x21_Mag FOR 40 POPTABS | PLAYER TOTAL MONEY: 591
[10:35:11:200340 +02:00] [Thread 5136] PLAYER: ( 76561198227507388 ) R low julius:1 (Franck Idraned) REMOTE PURCHASED ITEM hlc_5rnd_300WM_T_AWM FOR 30 POPTABS | PLAYER TOTAL MONEY: 561
[10:35:12:001385 +02:00] [Thread 4464] PLAYER: ( 76561198227507388 ) R low julius:1 (Franck Idraned) REMOTE PURCHASED ITEM hlc_5rnd_300WM_T_AWM FOR 30 POPTABS | PLAYER TOTAL MONEY: 531
[10:35:12:881436 +02:00] [Thread 4464] PLAYER: ( 76561198227507388 ) R low julius:1 (Franck Idraned) REMOTE PURCHASED ITEM hlc_5rnd_300WM_T_AWM FOR 30 POPTABS | PLAYER TOTAL MONEY: 501
[10:35:40:798033 +02:00] [Thread 5136] PLAYER: ( 76561198227507388 ) R low julius:1 (Franck Idraned) REMOTE PURCHASED ITEM Exile_Item_PlasticBottleFreshWater FOR 50 POPTABS | PLAYER TOTAL MONEY: 451
[10:35:44:078220 +02:00] [Thread 5136] PLAYER: ( 76561198227507388 ) R low julius:1 (Franck Idraned) REMOTE PURCHASED ITEM Exile_Item_PlasticBottleFreshWater FOR 50 POPTABS | PLAYER TOTAL MONEY: 401
[10:35:48:260459 +02:00] [Thread 4464] PLAYER: ( 76561198227507388 ) R low julius:1 (Franck Idraned) REMOTE PURCHASED ITEM Exile_Item_BeefParts FOR 18 POPTABS | PLAYER TOTAL MONEY: 383
[10:35:49:141510 +02:00] [Thread 4464] PLAYER: ( 76561198227507388 ) R low julius:1 (Franck Idraned) REMOTE PURCHASED ITEM Exile_Item_BeefParts FOR 18 POPTABS | PLAYER TOTAL MONEY: 365
[10:35:50:021560 +02:00] [Thread 4464] PLAYER: ( 76561198227507388 ) R low julius:1 (Franck Idraned) REMOTE PURCHASED ITEM Exile_Item_BeefParts FOR 18 POPTABS | PLAYER TOTAL MONEY: 347
[10:35:52:821720 +02:00] [Thread 4464] PLAYER: ( 76561198227507388 ) R low julius:1 (Franck Idraned) REMOTE PURCHASED ITEM Exile_Item_Cheathas FOR 18 POPTABS | PLAYER TOTAL MONEY: 329
[11:06:19:566204 +02:00] [Thread 4464] PLAYER: ( 76561197969481938 ) R Alpha 1-5:1 (Slump) REMOTE PURCHASED ITEM Exile_Item_ExtensionCord FOR 40 POPTABS | PLAYER TOTAL MONEY: 460
[11:06:37:734243 +02:00] [Thread 5136] PLAYER: ( 76561197969481938 ) R Alpha 1-5:1 (Slump) REMOTE PURCHASED ITEM Exile_Item_Noodles FOR 14 POPTABS | PLAYER TOTAL MONEY: 446
[11:06:38:634295 +02:00] [Thread 4464] PLAYER: ( 76561197969481938 ) R Alpha 1-5:1 (Slump) REMOTE PURCHASED ITEM Exile_Item_Noodles FOR 14 POPTABS | PLAYER TOTAL MONEY: 432
[11:06:39:574348 +02:00] [Thread 5136] PLAYER: ( 76561197969481938 ) R Alpha 1-5:1 (Slump) REMOTE PURCHASED ITEM Exile_Item_Noodles FOR 14 POPTABS | PLAYER TOTAL MONEY: 418
[11:06:40:136381 +02:00] [Thread 4464] PLAYER: ( 76561197969481938 ) R Alpha 1-5:1 (Slump) REMOTE PURCHASED ITEM Exile_Item_Noodles FOR 14 POPTABS | PLAYER TOTAL MONEY: 404
[11:06:45:316677 +02:00] [Thread 5136] PLAYER: ( 76561197969481938 ) R Alpha 1-5:1 (Slump) REMOTE PURCHASED ITEM Exile_Item_EnergyDrink FOR 40 POPTABS | PLAYER TOTAL MONEY: 364
[11:06:46:356736 +02:00] [Thread 5136] PLAYER: ( 76561197969481938 ) R Alpha 1-5:1 (Slump) REMOTE PURCHASED ITEM Exile_Item_EnergyDrink FOR 40 POPTABS | PLAYER TOTAL MONEY: 324
[11:07:16:468459 +02:00] [Thread 4796] PLAYER: ( 76561197969481938 ) R Alpha 1-5:1 (Slump) REMOTE SOLD ITEM MiniGrenade FOR 15 POPTABS AND 1.5 RESPECT | PLAYER TOTAL MONEY: 339
[11:07:19:201615 +02:00] [Thread 4796] PLAYER: ( 76561197969481938 ) R Alpha 1-5:1 (Slump) REMOTE SOLD ITEM HandGrenade FOR 20 POPTABS AND 2 RESPECT | PLAYER TOTAL MONEY: 359
[11:07:30:870282 +02:00] [Thread 5136] PLAYER: ( 76561197969481938 ) R Alpha 1-5:1 (Slump) REMOTE SOLD ITEM Exile_Item_CanOpener FOR 40 POPTABS AND 4 RESPECT | PLAYER TOTAL MONEY: 399
[11:18:55:486440 +02:00] [Thread 4464] PLAYER: ( 76561197969481938 ) R Alpha 1-5:1 (Slump) REMOTE SOLD ITEM: Exile_Car_Hatchback_Sport_White (ID# <null>) with Cargo [] FOR 7000 POPTABS AND 700 RESPECT | PLAYER TOTAL MONEY: 7000
[11:22:36:169063 +02:00] [Thread 4464] PLAYER: ( 76561197969481938 ) R Alpha 1-5:1 (Slump) REMOTE SOLD ITEM: Exile_Car_Octavius_White (ID# <null>) with Cargo [] FOR 3000 POPTABS AND 300 RESPECT | PLAYER TOTAL MONEY: 3000
[11:24:01:497943 +02:00] [Thread 4796] PLAYER: ( 76561197969481938 ) R Alpha 1-5:1 (Slump) REMOTE PURCHASED ITEM Exile_Item_ExtensionCord FOR 40 POPTABS | PLAYER TOTAL MONEY: 60
[11:24:02:438997 +02:00] [Thread 5136] PLAYER: ( 76561197969481938 ) R Alpha 1-5:1 (Slump) REMOTE PURCHASED ITEM Exile_Item_ExtensionCord FOR 40 POPTABS | PLAYER TOTAL MONEY: 20
[11:56:05:133969 +02:00] [Thread 4796] PLAYER: ( 76561198035796915 ) R Alpha 1-6:1 (Ph3nix_545) REMOTE SOLD ITEM B_ViperHarness_khk_F FOR 125 POPTABS AND 12.5 RESPECT | PLAYER TOTAL MONEY: 125
[11:56:06:374040 +02:00] [Thread 4796] PLAYER: ( 76561198035796915 ) R Alpha 1-6:1 (Ph3nix_545) REMOTE SOLD ITEM B_Carryall_ocamo FOR 150 POPTABS AND 15 RESPECT | PLAYER TOTAL MONEY: 275
[11:56:08:848181 +02:00] [Thread 4796] PLAYER: ( 76561198035796915 ) R Alpha 1-6:1 (Ph3nix_545) REMOTE SOLD ITEM 16Rnd_9x21_Mag FOR 10 POPTABS AND 1 RESPECT | PLAYER TOTAL MONEY: 285
[11:56:09:590224 +02:00] [Thread 4796] PLAYER: ( 76561198035796915 ) R Alpha 1-6:1 (Ph3nix_545) REMOTE SOLD ITEM Exile_Item_PlasticBottleEmpty FOR 2 POPTABS AND 0.2 RESPECT | PLAYER TOTAL MONEY: 287
[11:56:11:730346 +02:00] [Thread 4796] PLAYER: ( 76561198035796915 ) R Alpha 1-6:1 (Ph3nix_545) REMOTE SOLD ITEM 100Rnd_65x39_caseless_mag FOR 15 POPTABS AND 1.5 RESPECT | PLAYER TOTAL MONEY: 302
[11:56:12:462388 +02:00] [Thread 4796] PLAYER: ( 76561198035796915 ) R Alpha 1-6:1 (Ph3nix_545) REMOTE SOLD ITEM Exile_Weapon_ksvk FOR 425 POPTABS AND 42.5 RESPECT | PLAYER TOTAL MONEY: 727
[11:56:13:244433 +02:00] [Thread 4796] PLAYER: ( 76561198035796915 ) R Alpha 1-6:1 (Ph3nix_545) REMOTE SOLD ITEM arifle_MX_SW_F FOR 125 POPTABS AND 12.5 RESPECT | PLAYER TOTAL MONEY: 852
[11:56:13:974474 +02:00] [Thread 4796] PLAYER: ( 76561198035796915 ) R Alpha 1-6:1 (Ph3nix_545) REMOTE SOLD ITEM ItemMap FOR 3 POPTABS AND 0.3 RESPECT | PLAYER TOTAL MONEY: 855
[11:56:14:799522 +02:00] [Thread 4796] PLAYER: ( 76561198035796915 ) R Alpha 1-6:1 (Ph3nix_545) REMOTE SOLD ITEM ItemCompass FOR 3 POPTABS AND 0.3 RESPECT | PLAYER TOTAL MONEY: 858
[11:56:15:584567 +02:00] [Thread 4796] PLAYER: ( 76561198035796915 ) R Alpha 1-6:1 (Ph3nix_545) REMOTE SOLD ITEM V_PlateCarrierSpec_rgr FOR 100 POPTABS AND 10 RESPECT | PLAYER TOTAL MONEY: 958
[11:56:16:354611 +02:00] [Thread 4796] PLAYER: ( 76561198035796915 ) R Alpha 1-6:1 (Ph3nix_545) REMOTE SOLD ITEM U_B_GEN_Commander_F FOR 17 POPTABS AND 1.7 RESPECT | PLAYER TOTAL MONEY: 975
[11:56:17:946702 +02:00] [Thread 4796] PLAYER: ( 76561198035796915 ) R Alpha 1-6:1 (Ph3nix_545) REMOTE SOLD ITEM V_HarnessOSpec_brn FOR 20 POPTABS AND 2 RESPECT | PLAYER TOTAL MONEY: 995
[11:56:19:163771 +02:00] [Thread 4796] PLAYER: ( 76561198035796915 ) R Alpha 1-6:1 (Ph3nix_545) REMOTE SOLD ITEM U_IG_Guerilla3_2 FOR 20 POPTABS AND 2 RESPECT | PLAYER TOTAL MONEY: 1015
[11:56:20:071823 +02:00] [Thread 4796] PLAYER: ( 76561198035796915 ) R Alpha 1-6:1 (Ph3nix_545) REMOTE SOLD ITEM U_O_SpecopsUniform_blk FOR 40 POPTABS AND 4 RESPECT | PLAYER TOTAL MONEY: 1055
[11:57:48:014853 +02:00] [Thread 4796] PLAYER: ( 76561198035796915 ) R Alpha 1-6:1 (Ph3nix_545) REMOTE SOLD ITEM: Exile_Car_Ural_Open_Worker (ID# <null>) with Cargo ["Exile_Item_PlasticBottleDirtyWater","Exile_Magazine_5Rnd_127x108_KSVK_Bullet_Cam_Mag","Exile_Magazine_5Rnd_127x108_KSVK_Bullet_Cam_Mag"] FOR 12500 POPTABS AND 1250 RESPECT | PLAYER TOTAL MONEY: 13555
[17:20:52:118877 +02:00] [Thread 2356] PLAYER: ( 76561198119399756 ) R Alpha 1-4:1 (sajan) REMOTE SOLD ITEM: Exile_Car_Offroad_Repair_Red (ID# <null>) with Cargo [] FOR 6250 POPTABS AND 625 RESPECT | PLAYER TOTAL MONEY: 6250
[17:28:08:982864 +02:00] [Thread 4616] PLAYER: ( 76561198119399756 ) R Alpha 1-4:1 (sajan) REMOTE PURCHASED ITEM Exile_Item_MountainDupe FOR 30 POPTABS | PLAYER TOTAL MONEY: 70
[17:28:10:063926 +02:00] [Thread 4616] PLAYER: ( 76561198119399756 ) R Alpha 1-4:1 (sajan) REMOTE PURCHASED ITEM Exile_Item_MountainDupe FOR 30 POPTABS | PLAYER TOTAL MONEY: 40
[17:28:19:058441 +02:00] [Thread 4616] PLAYER: ( 76561198119399756 ) R Alpha 1-4:1 (sajan) REMOTE PURCHASED ITEM Exile_Item_Noodles FOR 14 POPTABS | PLAYER TOTAL MONEY: 26
[17:28:19:801483 +02:00] [Thread 4616] PLAYER: ( 76561198119399756 ) R Alpha 1-4:1 (sajan) REMOTE PURCHASED ITEM Exile_Item_Noodles FOR 14 POPTABS | PLAYER TOTAL MONEY: 12
[17:28:21:725593 +02:00] [Thread 4616] PLAYER: ( 76561198119399756 ) R Alpha 1-4:1 (sajan) REMOTE PURCHASED ITEM Exile_Item_SeedAstics FOR 12 POPTABS | PLAYER TOTAL MONEY: 0
[17:57:49:195687 +02:00] [Thread 2356] PLAYER: ( 76561198119399756 ) R Alpha 1-4:1 (sajan) REMOTE SOLD ITEM hgun_Rook40_F FOR 25 POPTABS AND 2.5 RESPECT | PLAYER TOTAL MONEY: 258
[17:57:53:140912 +02:00] [Thread 2356] PLAYER: ( 76561198119399756 ) R Alpha 1-4:1 (sajan) REMOTE SOLD ITEM G_Sport_Red FOR 3 POPTABS AND 0.3 RESPECT | PLAYER TOTAL MONEY: 261
[17:57:58:861239 +02:00] [Thread 2356] PLAYER: ( 76561198119399756 ) R Alpha 1-4:1 (sajan) REMOTE SOLD ITEM SmokeShellBlue FOR 3 POPTABS AND 0.3 RESPECT | PLAYER TOTAL MONEY: 264
[17:58:00:051308 +02:00] [Thread 2356] PLAYER: ( 76561198119399756 ) R Alpha 1-4:1 (sajan) REMOTE SOLD ITEM SmokeShell FOR 3 POPTABS AND 0.3 RESPECT | PLAYER TOTAL MONEY: 267
[17:58:05:946645 +02:00] [Thread 2356] PLAYER: ( 76561198119399756 ) R Alpha 1-4:1 (sajan) REMOTE SOLD ITEM HandGrenade FOR 20 POPTABS AND 2 RESPECT | PLAYER TOTAL MONEY: 287
[17:58:08:807808 +02:00] [Thread 2356] PLAYER: ( 76561198119399756 ) R Alpha 1-4:1 (sajan) REMOTE SOLD ITEM SmokeShellGreen FOR 3 POPTABS AND 0.3 RESPECT | PLAYER TOTAL MONEY: 290
[17:58:27:106855 +02:00] [Thread 2356] PLAYER: ( 76561198119399756 ) R Alpha 1-4:1 (sajan) REMOTE SOLD ITEM hlc_50Rnd_762x51_Barrier_MG3 FOR 25 POPTABS AND 2.5 RESPECT | PLAYER TOTAL MONEY: 315
[17:58:29:729005 +02:00] [Thread 2356] PLAYER: ( 76561198119399756 ) R Alpha 1-4:1 (sajan) REMOTE SOLD ITEM Exile_Item_Heatpack FOR 25 POPTABS AND 2.5 RESPECT | PLAYER TOTAL MONEY: 340
[17:58:34:384271 +02:00] [Thread 2356] PLAYER: ( 76561198119399756 ) R Alpha 1-4:1 (sajan) REMOTE SOLD ITEM MiniGrenade FOR 15 POPTABS AND 1.5 RESPECT | PLAYER TOTAL MONEY: 355
[17:58:37:343441 +02:00] [Thread 2356] PLAYER: ( 76561198119399756 ) R Alpha 1-4:1 (sajan) REMOTE SOLD ITEM Exile_Item_Vishpirin FOR 150 POPTABS AND 15 RESPECT | PLAYER TOTAL MONEY: 505
[17:58:42:082712 +02:00] [Thread 2356] PLAYER: ( 76561198119399756 ) R Alpha 1-4:1 (sajan) REMOTE SOLD ITEM Exile_Magazine_10Rnd_765x17_SA61 FOR 5 POPTABS AND 0.5 RESPECT | PLAYER TOTAL MONEY: 510
[17:58:43:493792 +02:00] [Thread 2356] PLAYER: ( 76561198119399756 ) R Alpha 1-4:1 (sajan) REMOTE SOLD ITEM SMG_05_F FOR 75 POPTABS AND 7.5 RESPECT | PLAYER TOTAL MONEY: 585
[17:58:44:466848 +02:00] [Thread 2356] PLAYER: ( 76561198119399756 ) R Alpha 1-4:1 (sajan) REMOTE SOLD ITEM Exile_Weapon_SA61 FOR 75 POPTABS AND 7.5 RESPECT | PLAYER TOTAL MONEY: 660
[17:59:03:579941 +02:00] [Thread 2356] PLAYER: ( 76561198119399756 ) R Alpha 1-4:1 (sajan) REMOTE SOLD ITEM Exile_Item_CatFood FOR 12 POPTABS AND 1.2 RESPECT | PLAYER TOTAL MONEY: 672
[17:59:05:646059 +02:00] [Thread 2356] PLAYER: ( 76561198119399756 ) R Alpha 1-4:1 (sajan) REMOTE SOLD ITEM Exile_Item_ChristmasTinner FOR 10 POPTABS AND 1 RESPECT | PLAYER TOTAL MONEY: 682
[17:59:12:570455 +02:00] [Thread 2356] PLAYER: ( 76561198119399756 ) R Alpha 1-4:1 (sajan) REMOTE SOLD ITEM Exile_Item_CatFood FOR 12 POPTABS AND 1.2 RESPECT | PLAYER TOTAL MONEY: 694
[17:59:14:821584 +02:00] [Thread 2356] PLAYER: ( 76561198119399756 ) R Alpha 1-4:1 (sajan) REMOTE SOLD ITEM Exile_Item_BBQSandwich FOR 10 POPTABS AND 1 RESPECT | PLAYER TOTAL MONEY: 704
[18:02:06:015376 +02:00] [Thread 4616] PLAYER: ( 76561198119399756 ) R Alpha 1-4:1 (sajan) REMOTE PURCHASED ITEM hlc_30rnd_556x45_SOST FOR 30 POPTABS | PLAYER TOTAL MONEY: 674
[18:02:29:564723 +02:00] [Thread 2356] PLAYER: ( 76561198119399756 ) R Alpha 1-4:1 (sajan) REMOTE SOLD ITEM hlc_30rnd_556x45_EPR FOR 15 POPTABS AND 1.5 RESPECT | PLAYER TOTAL MONEY: 689
[18:02:30:743790 +02:00] [Thread 4616] PLAYER: ( 76561198119399756 ) R Alpha 1-4:1 (sajan) REMOTE SOLD ITEM hlc_30rnd_556x45_EPR FOR 15 POPTABS AND 1.5 RESPECT | PLAYER TOTAL MONEY: 704
[18:02:31:950859 +02:00] [Thread 4616] PLAYER: ( 76561198119399756 ) R Alpha 1-4:1 (sajan) REMOTE SOLD ITEM hlc_30rnd_556x45_EPR FOR 15 POPTABS AND 1.5 RESPECT | PLAYER TOTAL MONEY: 719
[18:02:36:749134 +02:00] [Thread 4116] PLAYER: ( 76561198119399756 ) R Alpha 1-4:1 (sajan) REMOTE PURCHASED ITEM hlc_50rnd_556x45_EPR FOR 60 POPTABS | PLAYER TOTAL MONEY: 659
[18:02:37:620184 +02:00] [Thread 2356] PLAYER: ( 76561198119399756 ) R Alpha 1-4:1 (sajan) REMOTE PURCHASED ITEM hlc_50rnd_556x45_EPR FOR 60 POPTABS | PLAYER TOTAL MONEY: 599
[18:02:39:843311 +02:00] [Thread 4116] PLAYER: ( 76561198119399756 ) R Alpha 1-4:1 (sajan) REMOTE PURCHASED ITEM hlc_50rnd_556x45_EPR FOR 60 POPTABS | PLAYER TOTAL MONEY: 539
[18:02:40:500348 +02:00] [Thread 4116] PLAYER: ( 76561198119399756 ) R Alpha 1-4:1 (sajan) REMOTE PURCHASED ITEM hlc_50rnd_556x45_EPR FOR 60 POPTABS | PLAYER TOTAL MONEY: 479
[18:21:05:818569 +02:00] [Thread 4616] PLAYER: ( 76561197981840743 ) R low julius:2 (Lazouille) REMOTE SOLD ITEM hlc_100Rnd_762x51_T_M60E4 FOR 35 POPTABS AND 3.5 RESPECT | PLAYER TOTAL MONEY: 35
[18:55:58:104241 +02:00] [Thread 6116] PLAYER: ( 76561198168988383 ) R low julius:1 (v1) REMOTE PURCHASED ITEM Exile_Item_CanOpener FOR 80 POPTABS | PLAYER TOTAL MONEY: 420
[18:56:41:014695 +02:00] [Thread 5384] PLAYER: ( 76561198168988383 ) R low julius:1 (v1) REMOTE PURCHASED ITEM Exile_Item_DuctTape FOR 300 POPTABS | PLAYER TOTAL MONEY: 720
[18:56:42:262767 +02:00] [Thread 5384] PLAYER: ( 76561198168988383 ) R low julius:1 (v1) REMOTE PURCHASED ITEM Exile_Item_DuctTape FOR 300 POPTABS | PLAYER TOTAL MONEY: 420
[18:57:25:872261 +02:00] [Thread 5384] PLAYER: ( 76561198168988383 ) R low julius:1 (v1) REMOTE PURCHASED ITEM Exile_Item_MacasCheese FOR 20 POPTABS | PLAYER TOTAL MONEY: 400
[18:57:27:040328 +02:00] [Thread 5384] PLAYER: ( 76561198168988383 ) R low julius:1 (v1) REMOTE PURCHASED ITEM Exile_Item_MacasCheese FOR 20 POPTABS | PLAYER TOTAL MONEY: 380
[18:57:29:258455 +02:00] [Thread 5384] PLAYER: ( 76561198168988383 ) R low julius:1 (v1) REMOTE PURCHASED ITEM Exile_Item_MacasCheese FOR 20 POPTABS | PLAYER TOTAL MONEY: 360
[19:00:12:241777 +02:00] [Thread 5384] PLAYER: ( 76561198168988383 ) R low julius:1 (v1) REMOTE PURCHASED ITEM hlc_100Rnd_762x51_T_M60E4 FOR 70 POPTABS | PLAYER TOTAL MONEY: 290
[19:00:13:279836 +02:00] [Thread 6116] PLAYER: ( 76561198168988383 ) R low julius:1 (v1) REMOTE PURCHASED ITEM hlc_100Rnd_762x51_T_M60E4 FOR 70 POPTABS | PLAYER TOTAL MONEY: 220
[19:00:14:162887 +02:00] [Thread 5384] PLAYER: ( 76561198168988383 ) R low julius:1 (v1) REMOTE PURCHASED ITEM hlc_100Rnd_762x51_T_M60E4 FOR 70 POPTABS | PLAYER TOTAL MONEY: 150
[19:00:15:107941 +02:00] [Thread 6116] PLAYER: ( 76561198168988383 ) R low julius:1 (v1) REMOTE PURCHASED ITEM hlc_100Rnd_762x51_T_M60E4 FOR 70 POPTABS | PLAYER TOTAL MONEY: 80
[19:21:14:728987 +02:00] [Thread 5544] PLAYER: ( 76561198168988383 ) R Alpha 1-2:1 (v1) REMOTE SOLD ITEM: Exile_Car_Ural_Open_Worker (ID# <null>) with Cargo [] FOR 12500 POPTABS AND 1250 RESPECT | PLAYER TOTAL MONEY: 12500
[19:27:36:534825 +02:00] [Thread 5544] PLAYER: ( 76561198168988383 ) R Alpha 1-2:1 (v1) REMOTE SOLD ITEM: Exile_Car_Offroad_Repair_Red (ID# <null>) with Cargo [] FOR 6250 POPTABS AND 625 RESPECT | PLAYER TOTAL MONEY: 6250
[19:30:10:822650 +02:00] [Thread 5544] PLAYER: ( 76561198168988383 ) R Alpha 1-2:1 (v1) REMOTE PURCHASED VEHICLE Exile_Car_BTR40_Green FOR 15000 POPTABS | PLAYER TOTAL MONEY: 0
[19:30:41:412399 +02:00] [Thread 6116] PLAYER: ( 76561197981840743 ) R low julius:1 (Lazouille) REMOTE PURCHASED ITEM B_ViperLightHarness_blk_F FOR 200 POPTABS | PLAYER TOTAL MONEY: 9800
[19:30:43:855539 +02:00] [Thread 6116] PLAYER: ( 76561197969481938 ) R Alpha 1-3:1 (Slump) REMOTE PURCHASED ITEM Exile_Item_ExtensionCord FOR 40 POPTABS | PLAYER TOTAL MONEY: 38
[19:30:45:173614 +02:00] [Thread 6116] PLAYER: ( 76561198020201324 ) R Alpha 1-6:1 (Julius) REMOTE PURCHASED ITEM B_TacticalPack_rgr FOR 150 POPTABS | PLAYER TOTAL MONEY: 4850
[19:30:50:352911 +02:00] [Thread 6116] PLAYER: ( 76561197981840743 ) R low julius:1 (Lazouille) REMOTE PURCHASED ITEM U_O_T_Soldier_F FOR 40 POPTABS | PLAYER TOTAL MONEY: 9760
[19:31:01:571552 +02:00] [Thread 6116] PLAYER: ( 76561197981840743 ) R low julius:1 (Lazouille) REMOTE PURCHASED ITEM V_PlateCarrier2_rgr_noflag_F FOR 60 POPTABS | PLAYER TOTAL MONEY: 9700
[19:31:19:616584 +02:00] [Thread 5384] PLAYER: ( 76561197981840743 ) R low julius:1 (Lazouille) REMOTE PURCHASED ITEM H_HelmetB_Light_tna_F FOR 20 POPTABS | PLAYER TOTAL MONEY: 9680
[19:31:26:794995 +02:00] [Thread 6116] PLAYER: ( 76561198168988383 ) R Alpha 1-2:1 (v1) REMOTE PURCHASED ITEM B_TacticalPack_blk FOR 150 POPTABS | PLAYER TOTAL MONEY: 4850
[19:31:39:383715 +02:00] [Thread 5384] PLAYER: ( 76561198020201324 ) R Alpha 1-6:1 (Julius) REMOTE PURCHASED ITEM hlc_lmg_mk48 FOR 1000 POPTABS | PLAYER TOTAL MONEY: 3850
[19:31:47:252165 +02:00] [Thread 6116] PLAYER: ( 76561198020201324 ) R Alpha 1-6:1 (Julius) REMOTE PURCHASED ITEM hlc_100Rnd_762x51_T_M60E4 FOR 70 POPTABS | PLAYER TOTAL MONEY: 3780
[19:31:48:205220 +02:00] [Thread 6116] PLAYER: ( 76561198020201324 ) R Alpha 1-6:1 (Julius) REMOTE PURCHASED ITEM hlc_100Rnd_762x51_T_M60E4 FOR 70 POPTABS | PLAYER TOTAL MONEY: 3710
[19:31:49:425289 +02:00] [Thread 5384] PLAYER: ( 76561198020201324 ) R Alpha 1-6:1 (Julius) REMOTE PURCHASED ITEM hlc_100Rnd_762x51_T_M60E4 FOR 70 POPTABS | PLAYER TOTAL MONEY: 3640
[19:31:50:863372 +02:00] [Thread 6116] PLAYER: ( 76561198020201324 ) R Alpha 1-6:1 (Julius) REMOTE PURCHASED ITEM hlc_100Rnd_762x51_T_M60E4 FOR 70 POPTABS | PLAYER TOTAL MONEY: 3570
[19:32:14:279711 +02:00] [Thread 6116] PLAYER: ( 76561198168988383 ) R Alpha 1-2:1 (v1) REMOTE PURCHASED ITEM U_O_PilotCoveralls FOR 60 POPTABS | PLAYER TOTAL MONEY: 4790
[19:32:15:423776 +02:00] [Thread 5384] PLAYER: ( 76561197981840743 ) R low julius:1 (Lazouille) REMOTE PURCHASED ITEM hlc_rifle_awMagnum_FDE_ghillie FOR 1000 POPTABS | PLAYER TOTAL MONEY: 8680
[19:32:51:003811 +02:00] [Thread 6116] PLAYER: ( 76561198168988383 ) R Alpha 1-2:1 (v1) REMOTE PURCHASED ITEM hlc_lmg_mk48 FOR 1000 POPTABS | PLAYER TOTAL MONEY: 3790
[19:32:57:069158 +02:00] [Thread 5384] PLAYER: ( 76561198168988383 ) R Alpha 1-2:1 (v1) REMOTE PURCHASED ITEM hlc_100Rnd_762x51_T_M60E4 FOR 70 POPTABS | PLAYER TOTAL MONEY: 3720
[19:32:58:095217 +02:00] [Thread 6116] PLAYER: ( 76561198168988383 ) R Alpha 1-2:1 (v1) REMOTE PURCHASED ITEM hlc_100Rnd_762x51_T_M60E4 FOR 70 POPTABS | PLAYER TOTAL MONEY: 3650
[19:32:58:954266 +02:00] [Thread 5384] PLAYER: ( 76561198168988383 ) R Alpha 1-2:1 (v1) REMOTE PURCHASED ITEM hlc_100Rnd_762x51_T_M60E4 FOR 70 POPTABS | PLAYER TOTAL MONEY: 3580
[19:32:59:821316 +02:00] [Thread 6116] PLAYER: ( 76561198168988383 ) R Alpha 1-2:1 (v1) REMOTE PURCHASED ITEM hlc_100Rnd_762x51_T_M60E4 FOR 70 POPTABS | PLAYER TOTAL MONEY: 3510
[19:33:00:852375 +02:00] [Thread 5384] PLAYER: ( 76561198168988383 ) R Alpha 1-2:1 (v1) REMOTE PURCHASED ITEM hlc_100Rnd_762x51_T_M60E4 FOR 70 POPTABS | PLAYER TOTAL MONEY: 3440
[19:33:01:917436 +02:00] [Thread 6116] PLAYER: ( 76561198168988383 ) R Alpha 1-2:1 (v1) REMOTE PURCHASED ITEM hlc_100Rnd_762x51_T_M60E4 FOR 70 POPTABS | PLAYER TOTAL MONEY: 3370
[19:33:22:963639 +02:00] [Thread 5384] PLAYER: ( 76561197981840743 ) R low julius:1 (Lazouille) REMOTE PURCHASED ITEM Exile_Weapon_Makarov FOR 100 POPTABS | PLAYER TOTAL MONEY: 8580
[19:33:27:018871 +02:00] [Thread 6116] PLAYER: ( 76561198020201324 ) R Alpha 1-6:1 (Julius) REMOTE PURCHASED ITEM optic_SOS FOR 200 POPTABS | PLAYER TOTAL MONEY: 3370
[19:33:29:905036 +02:00] [Thread 5384] PLAYER: ( 76561197981840743 ) R low julius:1 (Lazouille) REMOTE PURCHASED ITEM Exile_Magazine_8Rnd_9x18 FOR 20 POPTABS | PLAYER TOTAL MONEY: 8560
[19:33:30:652079 +02:00] [Thread 6116] PLAYER: ( 76561197981840743 ) R low julius:1 (Lazouille) REMOTE PURCHASED ITEM Exile_Magazine_8Rnd_9x18 FOR 20 POPTABS | PLAYER TOTAL MONEY: 8540
[19:33:31:461125 +02:00] [Thread 5384] PLAYER: ( 76561197981840743 ) R low julius:1 (Lazouille) REMOTE PURCHASED ITEM Exile_Magazine_8Rnd_9x18 FOR 20 POPTABS | PLAYER TOTAL MONEY: 8520
[19:33:32:264171 +02:00] [Thread 6116] PLAYER: ( 76561197981840743 ) R low julius:1 (Lazouille) REMOTE PURCHASED ITEM Exile_Magazine_8Rnd_9x18 FOR 20 POPTABS | PLAYER TOTAL MONEY: 8500
[19:33:33:006214 +02:00] [Thread 5384] PLAYER: ( 76561197981840743 ) R low julius:1 (Lazouille) REMOTE PURCHASED ITEM Exile_Magazine_8Rnd_9x18 FOR 20 POPTABS | PLAYER TOTAL MONEY: 8480
[19:33:33:310231 +02:00] [Thread 6116] PLAYER: ( 76561198020201324 ) R Alpha 1-6:1 (Julius) REMOTE PURCHASED ITEM bipod_01_F_blk FOR 10 POPTABS | PLAYER TOTAL MONEY: 3360
[19:33:33:833261 +02:00] [Thread 5384] PLAYER: ( 76561197981840743 ) R low julius:1 (Lazouille) REMOTE PURCHASED ITEM Exile_Magazine_8Rnd_9x18 FOR 20 POPTABS | PLAYER TOTAL MONEY: 8460
[19:33:34:613306 +02:00] [Thread 6116] PLAYER: ( 76561197981840743 ) R low julius:1 (Lazouille) REMOTE PURCHASED ITEM Exile_Magazine_8Rnd_9x18 FOR 20 POPTABS | PLAYER TOTAL MONEY: 8440
[19:33:35:460354 +02:00] [Thread 5384] PLAYER: ( 76561197981840743 ) R low julius:1 (Lazouille) REMOTE PURCHASED ITEM Exile_Magazine_8Rnd_9x18 FOR 20 POPTABS | PLAYER TOTAL MONEY: 8420
[19:33:36:101391 +02:00] [Thread 6116] PLAYER: ( 76561197981840743 ) R low julius:1 (Lazouille) REMOTE PURCHASED ITEM Exile_Magazine_8Rnd_9x18 FOR 20 POPTABS | PLAYER TOTAL MONEY: 8400
[19:34:25:759231 +02:00] [Thread 6116] PLAYER: ( 76561197981840743 ) R low julius:1 (Lazouille) REMOTE PURCHASED ITEM hlc_5rnd_300WM_SBT_AWM FOR 30 POPTABS | PLAYER TOTAL MONEY: 8370
[19:34:26:537276 +02:00] [Thread 6116] PLAYER: ( 76561197981840743 ) R low julius:1 (Lazouille) REMOTE PURCHASED ITEM hlc_5rnd_300WM_SBT_AWM FOR 30 POPTABS | PLAYER TOTAL MONEY: 8340
[19:34:27:283318 +02:00] [Thread 6116] PLAYER: ( 76561197981840743 ) R low julius:1 (Lazouille) REMOTE PURCHASED ITEM hlc_5rnd_300WM_SBT_AWM FOR 30 POPTABS | PLAYER TOTAL MONEY: 8310
[19:34:27:995359 +02:00] [Thread 6116] PLAYER: ( 76561197981840743 ) R low julius:1 (Lazouille) REMOTE PURCHASED ITEM hlc_5rnd_300WM_SBT_AWM FOR 30 POPTABS | PLAYER TOTAL MONEY: 8280
[19:34:28:789404 +02:00] [Thread 6116] PLAYER: ( 76561197981840743 ) R low julius:1 (Lazouille) REMOTE PURCHASED ITEM hlc_5rnd_300WM_SBT_AWM FOR 30 POPTABS | PLAYER TOTAL MONEY: 8250
[19:34:29:470443 +02:00] [Thread 6116] PLAYER: ( 76561197981840743 ) R low julius:1 (Lazouille) REMOTE PURCHASED ITEM hlc_5rnd_300WM_SBT_AWM FOR 30 POPTABS | PLAYER TOTAL MONEY: 8220
[19:34:30:254488 +02:00] [Thread 6116] PLAYER: ( 76561197981840743 ) R low julius:1 (Lazouille) REMOTE PURCHASED ITEM hlc_5rnd_300WM_SBT_AWM FOR 30 POPTABS | PLAYER TOTAL MONEY: 8190
[19:34:30:986530 +02:00] [Thread 6116] PLAYER: ( 76561197981840743 ) R low julius:1 (Lazouille) REMOTE PURCHASED ITEM hlc_5rnd_300WM_SBT_AWM FOR 30 POPTABS | PLAYER TOTAL MONEY: 8160
[19:34:31:708571 +02:00] [Thread 6116] PLAYER: ( 76561197981840743 ) R low julius:1 (Lazouille) REMOTE PURCHASED ITEM hlc_5rnd_300WM_SBT_AWM FOR 30 POPTABS | PLAYER TOTAL MONEY: 8130
[19:34:32:411612 +02:00] [Thread 5384] PLAYER: ( 76561197981840743 ) R low julius:1 (Lazouille) REMOTE PURCHASED ITEM hlc_5rnd_300WM_SBT_AWM FOR 30 POPTABS | PLAYER TOTAL MONEY: 8100
[19:34:33:146654 +02:00] [Thread 5384] PLAYER: ( 76561197981840743 ) R low julius:1 (Lazouille) REMOTE PURCHASED ITEM hlc_5rnd_300WM_SBT_AWM FOR 30 POPTABS | PLAYER TOTAL MONEY: 8070
[19:34:33:908697 +02:00] [Thread 5384] PLAYER: ( 76561197981840743 ) R low julius:1 (Lazouille) REMOTE PURCHASED ITEM hlc_5rnd_300WM_SBT_AWM FOR 30 POPTABS | PLAYER TOTAL MONEY: 8040
[19:34:34:629738 +02:00] [Thread 5384] PLAYER: ( 76561197981840743 ) R low julius:1 (Lazouille) REMOTE PURCHASED ITEM hlc_5rnd_300WM_SBT_AWM FOR 30 POPTABS | PLAYER TOTAL MONEY: 8010
[19:34:35:468786 +02:00] [Thread 5384] PLAYER: ( 76561197981840743 ) R low julius:1 (Lazouille) REMOTE PURCHASED ITEM hlc_5rnd_300WM_SBT_AWM FOR 30 POPTABS | PLAYER TOTAL MONEY: 7980
[19:34:36:274833 +02:00] [Thread 5384] PLAYER: ( 76561197981840743 ) R low julius:1 (Lazouille) REMOTE PURCHASED ITEM hlc_5rnd_300WM_SBT_AWM FOR 30 POPTABS | PLAYER TOTAL MONEY: 7950
[19:34:36:980873 +02:00] [Thread 5384] PLAYER: ( 76561197981840743 ) R low julius:1 (Lazouille) REMOTE PURCHASED ITEM hlc_5rnd_300WM_SBT_AWM FOR 30 POPTABS | PLAYER TOTAL MONEY: 7920
[19:34:45:715373 +02:00] [Thread 5384] PLAYER: ( 76561197981840743 ) R low julius:1 (Lazouille) REMOTE PURCHASED ITEM hlc_5rnd_300WM_BTSP_AWM FOR 30 POPTABS | PLAYER TOTAL MONEY: 7890
[19:34:47:208458 +02:00] [Thread 6116] PLAYER: ( 76561197981840743 ) R low julius:1 (Lazouille) REMOTE PURCHASED ITEM hlc_5rnd_300WM_BTSP_AWM FOR 30 POPTABS | PLAYER TOTAL MONEY: 7860
[19:34:47:712487 +02:00] [Thread 5384] PLAYER: ( 76561197981840743 ) R low julius:1 (Lazouille) REMOTE PURCHASED ITEM hlc_5rnd_300WM_BTSP_AWM FOR 30 POPTABS | PLAYER TOTAL MONEY: 7830
[19:34:49:506589 +02:00] [Thread 5544] PLAYER: ( 76561197981840743 ) R low julius:1 (Lazouille) REMOTE SOLD ITEM hlc_5rnd_300WM_SBT_AWM FOR 15 POPTABS AND 1.5 RESPECT | PLAYER TOTAL MONEY: 7845
[19:34:50:535648 +02:00] [Thread 6116] PLAYER: ( 76561197981840743 ) R low julius:1 (Lazouille) REMOTE SOLD ITEM hlc_5rnd_300WM_SBT_AWM FOR 15 POPTABS AND 1.5 RESPECT | PLAYER TOTAL MONEY: 7860
[19:34:51:577708 +02:00] [Thread 5544] PLAYER: ( 76561197981840743 ) R low julius:1 (Lazouille) REMOTE SOLD ITEM hlc_5rnd_300WM_SBT_AWM FOR 15 POPTABS AND 1.5 RESPECT | PLAYER TOTAL MONEY: 7875
[19:34:52:517762 +02:00] [Thread 5544] PLAYER: ( 76561197981840743 ) R low julius:1 (Lazouille) REMOTE SOLD ITEM hlc_5rnd_300WM_SBT_AWM FOR 15 POPTABS AND 1.5 RESPECT | PLAYER TOTAL MONEY: 7890
[19:34:53:241803 +02:00] [Thread 5544] PLAYER: ( 76561197981840743 ) R low julius:1 (Lazouille) REMOTE SOLD ITEM hlc_5rnd_300WM_SBT_AWM FOR 15 POPTABS AND 1.5 RESPECT | PLAYER TOTAL MONEY: 7905
[19:34:54:102852 +02:00] [Thread 5544] PLAYER: ( 76561197981840743 ) R low julius:1 (Lazouille) REMOTE SOLD ITEM hlc_5rnd_300WM_SBT_AWM FOR 15 POPTABS AND 1.5 RESPECT | PLAYER TOTAL MONEY: 7920
[19:34:54:958901 +02:00] [Thread 5544] PLAYER: ( 76561197981840743 ) R low julius:1 (Lazouille) REMOTE SOLD ITEM hlc_5rnd_300WM_SBT_AWM FOR 15 POPTABS AND 1.5 RESPECT | PLAYER TOTAL MONEY: 7935
[19:34:56:055964 +02:00] [Thread 6116] PLAYER: ( 76561197981840743 ) R low julius:1 (Lazouille) REMOTE SOLD ITEM hlc_5rnd_300WM_SBT_AWM FOR 15 POPTABS AND 1.5 RESPECT | PLAYER TOTAL MONEY: 7950
[19:34:57:883068 +02:00] [Thread 5544] PLAYER: ( 76561197981840743 ) R low julius:1 (Lazouille) REMOTE SOLD ITEM hlc_5rnd_300WM_SBT_AWM FOR 15 POPTABS AND 1.5 RESPECT | PLAYER TOTAL MONEY: 7965
[19:34:58:857124 +02:00] [Thread 5544] PLAYER: ( 76561197981840743 ) R low julius:1 (Lazouille) REMOTE SOLD ITEM hlc_5rnd_300WM_SBT_AWM FOR 15 POPTABS AND 1.5 RESPECT | PLAYER TOTAL MONEY: 7980
[19:34:59:911185 +02:00] [Thread 5544] PLAYER: ( 76561197981840743 ) R low julius:1 (Lazouille) REMOTE SOLD ITEM hlc_5rnd_300WM_SBT_AWM FOR 15 POPTABS AND 1.5 RESPECT | PLAYER TOTAL MONEY: 7995
[19:35:01:112253 +02:00] [Thread 5544] PLAYER: ( 76561197981840743 ) R low julius:1 (Lazouille) REMOTE SOLD ITEM hlc_5rnd_300WM_SBT_AWM FOR 15 POPTABS AND 1.5 RESPECT | PLAYER TOTAL MONEY: 8010
[19:35:02:125311 +02:00] [Thread 5544] PLAYER: ( 76561197981840743 ) R low julius:1 (Lazouille) REMOTE SOLD ITEM hlc_5rnd_300WM_SBT_AWM FOR 15 POPTABS AND 1.5 RESPECT | PLAYER TOTAL MONEY: 8025
[19:35:02:975360 +02:00] [Thread 5544] PLAYER: ( 76561197981840743 ) R low julius:1 (Lazouille) REMOTE SOLD ITEM hlc_5rnd_300WM_SBT_AWM FOR 15 POPTABS AND 1.5 RESPECT | PLAYER TOTAL MONEY: 8040
[19:35:03:750404 +02:00] [Thread 5544] PLAYER: ( 76561197981840743 ) R low julius:1 (Lazouille) REMOTE SOLD ITEM hlc_5rnd_300WM_SBT_AWM FOR 15 POPTABS AND 1.5 RESPECT | PLAYER TOTAL MONEY: 8055
[19:35:04:520448 +02:00] [Thread 5544] PLAYER: ( 76561197981840743 ) R low julius:1 (Lazouille) REMOTE SOLD ITEM hlc_5rnd_300WM_SBT_AWM FOR 15 POPTABS AND 1.5 RESPECT | PLAYER TOTAL MONEY: 8070
[19:35:05:272491 +02:00] [Thread 5544] PLAYER: ( 76561197981840743 ) R low julius:1 (Lazouille) REMOTE SOLD ITEM Exile_Weapon_Makarov FOR 60 POPTABS AND 6 RESPECT | PLAYER TOTAL MONEY: 8130
[19:35:11:056822 +02:00] [Thread 5384] PLAYER: ( 76561198168988383 ) R Alpha 1-2:1 (v1) REMOTE PURCHASED ITEM V_PlateCarrierH_CTRG FOR 100 POPTABS | PLAYER TOTAL MONEY: 3270
[19:35:12:607911 +02:00] [Thread 6116] PLAYER: ( 76561197981840743 ) R low julius:1 (Lazouille) REMOTE PURCHASED ITEM hlc_5rnd_300WM_BTSP_AWM FOR 30 POPTABS | PLAYER TOTAL MONEY: 8100
[19:35:13:245947 +02:00] [Thread 6116] PLAYER: ( 76561197981840743 ) R low julius:1 (Lazouille) REMOTE PURCHASED ITEM hlc_5rnd_300WM_BTSP_AWM FOR 30 POPTABS | PLAYER TOTAL MONEY: 8070
[19:35:13:908985 +02:00] [Thread 6116] PLAYER: ( 76561197981840743 ) R low julius:1 (Lazouille) REMOTE PURCHASED ITEM hlc_5rnd_300WM_BTSP_AWM FOR 30 POPTABS | PLAYER TOTAL MONEY: 8040
[19:35:21:323409 +02:00] [Thread 6116] PLAYER: ( 76561197981840743 ) R low julius:1 (Lazouille) REMOTE PURCHASED ITEM hlc_5rnd_300WM_mk248_AWM FOR 30 POPTABS | PLAYER TOTAL MONEY: 8010
[19:35:22:077452 +02:00] [Thread 5384] PLAYER: ( 76561197981840743 ) R low julius:1 (Lazouille) REMOTE PURCHASED ITEM hlc_5rnd_300WM_mk248_AWM FOR 30 POPTABS | PLAYER TOTAL MONEY: 7980
[19:35:22:173458 +02:00] [Thread 5384] PLAYER: ( 76561198168988383 ) R Alpha 1-2:1 (v1) REMOTE PURCHASED ITEM optic_SOS FOR 200 POPTABS | PLAYER TOTAL MONEY: 3070
[19:35:22:837496 +02:00] [Thread 6116] PLAYER: ( 76561197981840743 ) R low julius:1 (Lazouille) REMOTE PURCHASED ITEM hlc_5rnd_300WM_mk248_AWM FOR 30 POPTABS | PLAYER TOTAL MONEY: 7950
[19:35:23:576538 +02:00] [Thread 6116] PLAYER: ( 76561197981840743 ) R low julius:1 (Lazouille) REMOTE PURCHASED ITEM hlc_5rnd_300WM_mk248_AWM FOR 30 POPTABS | PLAYER TOTAL MONEY: 7920
[19:35:24:364583 +02:00] [Thread 6116] PLAYER: ( 76561197981840743 ) R low julius:1 (Lazouille) REMOTE PURCHASED ITEM hlc_5rnd_300WM_mk248_AWM FOR 30 POPTABS | PLAYER TOTAL MONEY: 7890
[19:35:25:072624 +02:00] [Thread 6116] PLAYER: ( 76561197981840743 ) R low julius:1 (Lazouille) REMOTE PURCHASED ITEM hlc_5rnd_300WM_mk248_AWM FOR 30 POPTABS | PLAYER TOTAL MONEY: 7860
[19:35:25:854668 +02:00] [Thread 6116] PLAYER: ( 76561197981840743 ) R low julius:1 (Lazouille) REMOTE PURCHASED ITEM hlc_5rnd_300WM_mk248_AWM FOR 30 POPTABS | PLAYER TOTAL MONEY: 7830
[19:35:26:578710 +02:00] [Thread 6116] PLAYER: ( 76561197981840743 ) R low julius:1 (Lazouille) REMOTE PURCHASED ITEM hlc_5rnd_300WM_mk248_AWM FOR 30 POPTABS | PLAYER TOTAL MONEY: 7800
[19:35:27:567766 +02:00] [Thread 6116] PLAYER: ( 76561197981840743 ) R low julius:1 (Lazouille) REMOTE PURCHASED ITEM hlc_5rnd_300WM_mk248_AWM FOR 30 POPTABS | PLAYER TOTAL MONEY: 7770
[19:35:28:347811 +02:00] [Thread 6116] PLAYER: ( 76561197981840743 ) R low julius:1 (Lazouille) REMOTE PURCHASED ITEM hlc_5rnd_300WM_mk248_AWM FOR 30 POPTABS | PLAYER TOTAL MONEY: 7740
[19:35:29:305866 +02:00] [Thread 6116] PLAYER: ( 76561198168988383 ) R Alpha 1-2:1 (v1) REMOTE PURCHASED ITEM bipod_02_F_tan FOR 10 POPTABS | PLAYER TOTAL MONEY: 3060
[19:35:29:331867 +02:00] [Thread 6116] PLAYER: ( 76561197981840743 ) R low julius:1 (Lazouille) REMOTE PURCHASED ITEM hlc_5rnd_300WM_mk248_AWM FOR 30 POPTABS | PLAYER TOTAL MONEY: 7710
[19:35:30:089911 +02:00] [Thread 6116] PLAYER: ( 76561197981840743 ) R low julius:1 (Lazouille) REMOTE PURCHASED ITEM hlc_5rnd_300WM_mk248_AWM FOR 30 POPTABS | PLAYER TOTAL MONEY: 7680
[19:35:30:720947 +02:00] [Thread 6116] PLAYER: ( 76561198020201324 ) R Alpha 1-6:1 (Julius) REMOTE PURCHASED ITEM U_IG_Guerilla2_1 FOR 60 POPTABS | PLAYER TOTAL MONEY: 3300
[19:35:30:843954 +02:00] [Thread 6116] PLAYER: ( 76561197981840743 ) R low julius:1 (Lazouille) REMOTE PURCHASED ITEM hlc_5rnd_300WM_mk248_AWM FOR 30 POPTABS | PLAYER TOTAL MONEY: 7650
[19:35:31:612998 +02:00] [Thread 6116] PLAYER: ( 76561197981840743 ) R low julius:1 (Lazouille) REMOTE PURCHASED ITEM hlc_5rnd_300WM_mk248_AWM FOR 30 POPTABS | PLAYER TOTAL MONEY: 7620
[19:35:32:333039 +02:00] [Thread 6116] PLAYER: ( 76561197981840743 ) R low julius:1 (Lazouille) REMOTE PURCHASED ITEM hlc_5rnd_300WM_mk248_AWM FOR 30 POPTABS | PLAYER TOTAL MONEY: 7590
[19:35:48:375957 +02:00] [Thread 6116] PLAYER: ( 76561198168988383 ) R Alpha 1-2:1 (v1) REMOTE PURCHASED ITEM Exile_Item_DuctTape FOR 300 POPTABS | PLAYER TOTAL MONEY: 2760
[19:35:49:413016 +02:00] [Thread 5384] PLAYER: ( 76561198168988383 ) R Alpha 1-2:1 (v1) REMOTE PURCHASED ITEM Exile_Item_DuctTape FOR 300 POPTABS | PLAYER TOTAL MONEY: 2460
[19:35:54:146287 +02:00] [Thread 6116] PLAYER: ( 76561197981840743 ) R low julius:1 (Lazouille) REMOTE PURCHASED ITEM optic_SOS FOR 200 POPTABS | PLAYER TOTAL MONEY: 7390
[19:36:02:597770 +02:00] [Thread 5384] PLAYER: ( 76561197981840743 ) R low julius:1 (Lazouille) REMOTE PURCHASED ITEM bipod_01_F_blk FOR 10 POPTABS | PLAYER TOTAL MONEY: 7380
[19:36:03:065797 +02:00] [Thread 6116] PLAYER: ( 76561198168988383 ) R Alpha 1-2:1 (v1) REMOTE PURCHASED ITEM Exile_Item_Catfood FOR 24 POPTABS | PLAYER TOTAL MONEY: 2436
[19:36:04:118857 +02:00] [Thread 6116] PLAYER: ( 76561198168988383 ) R Alpha 1-2:1 (v1) REMOTE PURCHASED ITEM Exile_Item_Catfood FOR 24 POPTABS | PLAYER TOTAL MONEY: 2412
[19:36:05:113914 +02:00] [Thread 5384] PLAYER: ( 76561198168988383 ) R Alpha 1-2:1 (v1) REMOTE PURCHASED ITEM Exile_Item_Catfood FOR 24 POPTABS | PLAYER TOTAL MONEY: 2388
[19:36:08:241093 +02:00] [Thread 6116] PLAYER: ( 76561198168988383 ) R Alpha 1-2:1 (v1) REMOTE PURCHASED ITEM Exile_Item_PlasticBottleFreshWater FOR 50 POPTABS | PLAYER TOTAL MONEY: 2338
[19:36:09:252151 +02:00] [Thread 5384] PLAYER: ( 76561198168988383 ) R Alpha 1-2:1 (v1) REMOTE PURCHASED ITEM Exile_Item_PlasticBottleFreshWater FOR 50 POPTABS | PLAYER TOTAL MONEY: 2288
[19:36:24:475021 +02:00] [Thread 5384] PLAYER: ( 76561198168988383 ) R Alpha 1-2:1 (v1) REMOTE PURCHASED ITEM Exile_Item_CanOpener FOR 80 POPTABS | PLAYER TOTAL MONEY: 2208
[19:36:39:611887 +02:00] [Thread 5544] PLAYER: ( 76561197981840743 ) R low julius:1 (Lazouille) REMOTE SOLD ITEM hlc_5rnd_300WM_mk248_AWM FOR 15 POPTABS AND 1.5 RESPECT | PLAYER TOTAL MONEY: 7395
[19:36:41:620002 +02:00] [Thread 5544] PLAYER: ( 76561197981840743 ) R low julius:1 (Lazouille) REMOTE SOLD ITEM hlc_5rnd_300WM_mk248_AWM FOR 15 POPTABS AND 1.5 RESPECT | PLAYER TOTAL MONEY: 7410
[19:36:42:577057 +02:00] [Thread 5544] PLAYER: ( 76561197981840743 ) R low julius:1 (Lazouille) REMOTE SOLD ITEM hlc_5rnd_300WM_mk248_AWM FOR 15 POPTABS AND 1.5 RESPECT | PLAYER TOTAL MONEY: 7425
[19:36:49:446450 +02:00] [Thread 5544] PLAYER: ( 76561197981840743 ) R low julius:1 (Lazouille) REMOTE SOLD ITEM hlc_5rnd_300WM_mk248_AWM FOR 15 POPTABS AND 1.5 RESPECT | PLAYER TOTAL MONEY: 7440
[19:36:50:420505 +02:00] [Thread 5544] PLAYER: ( 76561197981840743 ) R low julius:1 (Lazouille) REMOTE SOLD ITEM hlc_5rnd_300WM_mk248_AWM FOR 15 POPTABS AND 1.5 RESPECT | PLAYER TOTAL MONEY: 7455
[19:36:51:194550 +02:00] [Thread 5544] PLAYER: ( 76561197981840743 ) R low julius:1 (Lazouille) REMOTE SOLD ITEM hlc_5rnd_300WM_mk248_AWM FOR 15 POPTABS AND 1.5 RESPECT | PLAYER TOTAL MONEY: 7470
[19:36:52:143604 +02:00] [Thread 6116] PLAYER: ( 76561197981840743 ) R low julius:1 (Lazouille) REMOTE SOLD ITEM hlc_5rnd_300WM_mk248_AWM FOR 15 POPTABS AND 1.5 RESPECT | PLAYER TOTAL MONEY: 7485
[19:36:53:044655 +02:00] [Thread 6116] PLAYER: ( 76561197981840743 ) R low julius:1 (Lazouille) REMOTE SOLD ITEM hlc_5rnd_300WM_mk248_AWM FOR 15 POPTABS AND 1.5 RESPECT | PLAYER TOTAL MONEY: 7500
[19:36:54:097716 +02:00] [Thread 6116] PLAYER: ( 76561197981840743 ) R low julius:1 (Lazouille) REMOTE SOLD ITEM hlc_5rnd_300WM_mk248_AWM FOR 15 POPTABS AND 1.5 RESPECT | PLAYER TOTAL MONEY: 7515
[19:36:55:135775 +02:00] [Thread 6116] PLAYER: ( 76561197981840743 ) R low julius:1 (Lazouille) REMOTE SOLD ITEM hlc_5rnd_300WM_mk248_AWM FOR 15 POPTABS AND 1.5 RESPECT | PLAYER TOTAL MONEY: 7530
[19:36:55:326786 +02:00] [Thread 5544] PLAYER: ( 76561198168988383 ) R Alpha 1-2:1 (v1) REMOTE PURCHASED ITEM hlc_100Rnd_762x51_T_M60E4 FOR 70 POPTABS | PLAYER TOTAL MONEY: 2138
[19:36:56:097830 +02:00] [Thread 6116] PLAYER: ( 76561197981840743 ) R low julius:1 (Lazouille) REMOTE SOLD ITEM hlc_5rnd_300WM_mk248_AWM FOR 15 POPTABS AND 1.5 RESPECT | PLAYER TOTAL MONEY: 7545
[19:36:56:977880 +02:00] [Thread 6116] PLAYER: ( 76561197981840743 ) R low julius:1 (Lazouille) REMOTE SOLD ITEM hlc_5rnd_300WM_mk248_AWM FOR 15 POPTABS AND 1.5 RESPECT | PLAYER TOTAL MONEY: 7560
[19:36:59:121003 +02:00] [Thread 6116] PLAYER: ( 76561197981840743 ) R low julius:1 (Lazouille) REMOTE SOLD ITEM hlc_5rnd_300WM_mk248_AWM FOR 15 POPTABS AND 1.5 RESPECT | PLAYER TOTAL MONEY: 7575
[19:37:00:209065 +02:00] [Thread 6116] PLAYER: ( 76561197981840743 ) R low julius:1 (Lazouille) REMOTE SOLD ITEM hlc_5rnd_300WM_mk248_AWM FOR 15 POPTABS AND 1.5 RESPECT | PLAYER TOTAL MONEY: 7590
[19:37:11:469709 +02:00] [Thread 5544] PLAYER: ( 76561197981840743 ) R low julius:1 (Lazouille) REMOTE PURCHASED ITEM Exile_Weapon_Makarov FOR 100 POPTABS | PLAYER TOTAL MONEY: 7490
[19:37:52:374049 +02:00] [Thread 6116] PLAYER: ( 76561198044866508 ) R Alpha 2-3:1 (dado) REMOTE SOLD ITEM Exile_Item_PlasticBottleFreshWater FOR 4 POPTABS AND 0.4 RESPECT | PLAYER TOTAL MONEY: 5004
[19:37:55:585232 +02:00] [Thread 5544] PLAYER: ( 76561198044866508 ) R Alpha 2-3:1 (dado) REMOTE SOLD ITEM Exile_Uniform_BambiOverall FOR 1 POPTABS AND 0.1 RESPECT | PLAYER TOTAL MONEY: 5005
[19:38:04:571746 +02:00] [Thread 5544] PLAYER: ( 76561197981840743 ) R low julius:1 (Lazouille) REMOTE SOLD ITEM hlc_5rnd_300WM_BTSP_AWM FOR 15 POPTABS AND 1.5 RESPECT | PLAYER TOTAL MONEY: 7505
[19:38:05:721812 +02:00] [Thread 5384] PLAYER: ( 76561197981840743 ) R low julius:1 (Lazouille) REMOTE SOLD ITEM hlc_5rnd_300WM_BTSP_AWM FOR 15 POPTABS AND 1.5 RESPECT | PLAYER TOTAL MONEY: 7520
[19:38:06:566861 +02:00] [Thread 5544] PLAYER: ( 76561197981840743 ) R low julius:1 (Lazouille) REMOTE SOLD ITEM hlc_5rnd_300WM_BTSP_AWM FOR 15 POPTABS AND 1.5 RESPECT | PLAYER TOTAL MONEY: 7535
[19:38:07:555917 +02:00] [Thread 5544] PLAYER: ( 76561197981840743 ) R low julius:1 (Lazouille) REMOTE SOLD ITEM hlc_5rnd_300WM_BTSP_AWM FOR 15 POPTABS AND 1.5 RESPECT | PLAYER TOTAL MONEY: 7550
[19:38:08:410966 +02:00] [Thread 6116] PLAYER: ( 76561197981840743 ) R low julius:1 (Lazouille) REMOTE SOLD ITEM hlc_5rnd_300WM_BTSP_AWM FOR 15 POPTABS AND 1.5 RESPECT | PLAYER TOTAL MONEY: 7565
[19:38:09:331019 +02:00] [Thread 6116] PLAYER: ( 76561197981840743 ) R low julius:1 (Lazouille) REMOTE SOLD ITEM hlc_5rnd_300WM_BTSP_AWM FOR 15 POPTABS AND 1.5 RESPECT | PLAYER TOTAL MONEY: 7580
[19:38:20:015630 +02:00] [Thread 6116] PLAYER: ( 76561197981840743 ) R low julius:1 (Lazouille) REMOTE SOLD ITEM hlc_5rnd_300WM_mk248_AWM FOR 15 POPTABS AND 1.5 RESPECT | PLAYER TOTAL MONEY: 7595
[19:38:24:510887 +02:00] [Thread 5384] PLAYER: ( 76561197981840743 ) R low julius:1 (Lazouille) REMOTE PURCHASED ITEM hlc_5rnd_300WM_BTSP_AWM FOR 30 POPTABS | PLAYER TOTAL MONEY: 7565
[19:38:25:675954 +02:00] [Thread 6116] PLAYER: ( 76561197981840743 ) R low julius:1 (Lazouille) REMOTE PURCHASED ITEM hlc_5rnd_300WM_BTSP_AWM FOR 30 POPTABS | PLAYER TOTAL MONEY: 7535
[19:38:26:511001 +02:00] [Thread 5384] PLAYER: ( 76561197981840743 ) R low julius:1 (Lazouille) REMOTE PURCHASED ITEM hlc_5rnd_300WM_BTSP_AWM FOR 30 POPTABS | PLAYER TOTAL MONEY: 7505
[19:38:27:282045 +02:00] [Thread 6116] PLAYER: ( 76561197981840743 ) R low julius:1 (Lazouille) REMOTE PURCHASED ITEM hlc_5rnd_300WM_BTSP_AWM FOR 30 POPTABS | PLAYER TOTAL MONEY: 7475
[19:38:28:135094 +02:00] [Thread 6116] PLAYER: ( 76561197981840743 ) R low julius:1 (Lazouille) REMOTE PURCHASED ITEM hlc_5rnd_300WM_BTSP_AWM FOR 30 POPTABS | PLAYER TOTAL MONEY: 7445
[19:38:28:911139 +02:00] [Thread 5384] PLAYER: ( 76561197981840743 ) R low julius:1 (Lazouille) REMOTE PURCHASED ITEM hlc_5rnd_300WM_BTSP_AWM FOR 30 POPTABS | PLAYER TOTAL MONEY: 7415
[19:38:29:908196 +02:00] [Thread 6116] PLAYER: ( 76561197981840743 ) R low julius:1 (Lazouille) REMOTE PURCHASED ITEM hlc_5rnd_300WM_BTSP_AWM FOR 30 POPTABS | PLAYER TOTAL MONEY: 7385
[19:38:30:737243 +02:00] [Thread 5384] PLAYER: ( 76561197981840743 ) R low julius:1 (Lazouille) REMOTE PURCHASED ITEM hlc_5rnd_300WM_BTSP_AWM FOR 30 POPTABS | PLAYER TOTAL MONEY: 7355
[19:38:31:658296 +02:00] [Thread 6116] PLAYER: ( 76561197981840743 ) R low julius:1 (Lazouille) REMOTE PURCHASED ITEM hlc_5rnd_300WM_BTSP_AWM FOR 30 POPTABS | PLAYER TOTAL MONEY: 7325
[19:38:50:703385 +02:00] [Thread 6116] PLAYER: ( 76561198020201324 ) R Alpha 1-6:1 (Julius) REMOTE PURCHASED ITEM U_I_pilotCoveralls FOR 60 POPTABS | PLAYER TOTAL MONEY: 3240
[19:38:57:151754 +02:00] [Thread 5384] PLAYER: ( 76561198044866508 ) R Alpha 2-3:1 (dado) REMOTE PURCHASED ITEM U_IG_Guerilla2_1 FOR 60 POPTABS | PLAYER TOTAL MONEY: 4945
[19:39:05:968258 +02:00] [Thread 6116] PLAYER: ( 76561198044866508 ) R Alpha 2-3:1 (dado) REMOTE PURCHASED ITEM V_TacVest_blk FOR 50 POPTABS | PLAYER TOTAL MONEY: 4895
[19:39:26:161413 +02:00] [Thread 6116] PLAYER: ( 76561198044866508 ) R Alpha 2-3:1 (dado) REMOTE PURCHASED ITEM H_Cap_tan_specops_US FOR 6 POPTABS | PLAYER TOTAL MONEY: 4889
[19:39:33:084809 +02:00] [Thread 5384] PLAYER: ( 76561198044866508 ) R Alpha 2-3:1 (dado) REMOTE PURCHASED ITEM B_TacticalPack_oli FOR 150 POPTABS | PLAYER TOTAL MONEY: 4739
[19:40:08:716847 +02:00] [Thread 6116] PLAYER: ( 76561198044866508 ) R Alpha 2-3:1 (dado) REMOTE PURCHASED ITEM arifle_MX_Black_F FOR 450 POPTABS | PLAYER TOTAL MONEY: 4289
[19:40:15:234220 +02:00] [Thread 5384] PLAYER: ( 76561198044866508 ) R Alpha 2-3:1 (dado) REMOTE PURCHASED ITEM 30Rnd_65x39_caseless_mag_Tracer FOR 30 POPTABS | PLAYER TOTAL MONEY: 4259
[19:40:15:928260 +02:00] [Thread 6116] PLAYER: ( 76561198044866508 ) R Alpha 2-3:1 (dado) REMOTE PURCHASED ITEM 30Rnd_65x39_caseless_mag_Tracer FOR 30 POPTABS | PLAYER TOTAL MONEY: 4229
[19:40:16:628300 +02:00] [Thread 5384] PLAYER: ( 76561198044866508 ) R Alpha 2-3:1 (dado) REMOTE PURCHASED ITEM 30Rnd_65x39_caseless_mag_Tracer FOR 30 POPTABS | PLAYER TOTAL MONEY: 4199
[19:40:17:324339 +02:00] [Thread 6116] PLAYER: ( 76561198044866508 ) R Alpha 2-3:1 (dado) REMOTE PURCHASED ITEM 30Rnd_65x39_caseless_mag_Tracer FOR 30 POPTABS | PLAYER TOTAL MONEY: 4169
[19:40:17:963376 +02:00] [Thread 5384] PLAYER: ( 76561198044866508 ) R Alpha 2-3:1 (dado) REMOTE PURCHASED ITEM 30Rnd_65x39_caseless_mag_Tracer FOR 30 POPTABS | PLAYER TOTAL MONEY: 4139
[19:40:18:637415 +02:00] [Thread 5384] PLAYER: ( 76561198044866508 ) R Alpha 2-3:1 (dado) REMOTE PURCHASED ITEM 30Rnd_65x39_caseless_mag_Tracer FOR 30 POPTABS | PLAYER TOTAL MONEY: 4109
[19:40:19:305453 +02:00] [Thread 6116] PLAYER: ( 76561198044866508 ) R Alpha 2-3:1 (dado) REMOTE PURCHASED ITEM 30Rnd_65x39_caseless_mag_Tracer FOR 30 POPTABS | PLAYER TOTAL MONEY: 4079
[19:40:20:472520 +02:00] [Thread 6116] PLAYER: ( 76561198044866508 ) R Alpha 2-3:1 (dado) REMOTE PURCHASED ITEM 30Rnd_65x39_caseless_mag_Tracer FOR 30 POPTABS | PLAYER TOTAL MONEY: 4049
[19:40:33:780281 +02:00] [Thread 6116] PLAYER: ( 76561198044866508 ) R Alpha 2-3:1 (dado) REMOTE PURCHASED ITEM optic_DMS FOR 150 POPTABS | PLAYER TOTAL MONEY: 3899
[19:40:43:401831 +02:00] [Thread 5384] PLAYER: ( 76561198044866508 ) R Alpha 2-3:1 (dado) REMOTE PURCHASED ITEM 30Rnd_65x39_caseless_mag_Tracer FOR 30 POPTABS | PLAYER TOTAL MONEY: 3869
[19:40:44:147874 +02:00] [Thread 6116] PLAYER: ( 76561198044866508 ) R Alpha 2-3:1 (dado) REMOTE PURCHASED ITEM 30Rnd_65x39_caseless_mag_Tracer FOR 30 POPTABS | PLAYER TOTAL MONEY: 3839
[19:40:44:840913 +02:00] [Thread 5384] PLAYER: ( 76561198044866508 ) R Alpha 2-3:1 (dado) REMOTE PURCHASED ITEM 30Rnd_65x39_caseless_mag_Tracer FOR 30 POPTABS | PLAYER TOTAL MONEY: 3809
[19:40:45:232936 +02:00] [Thread 6116] PLAYER: ( 76561198044866508 ) R Alpha 2-3:1 (dado) REMOTE PURCHASED ITEM 30Rnd_65x39_caseless_mag_Tracer FOR 30 POPTABS | PLAYER TOTAL MONEY: 3779
[19:40:56:387574 +02:00] [Thread 5384] PLAYER: ( 76561198044866508 ) R Alpha 2-3:1 (dado) REMOTE PURCHASED ITEM I_IR_Grenade FOR 50 POPTABS | PLAYER TOTAL MONEY: 3729
[19:40:57:597643 +02:00] [Thread 6116] PLAYER: ( 76561198044866508 ) R Alpha 2-3:1 (dado) REMOTE PURCHASED ITEM I_IR_Grenade FOR 50 POPTABS | PLAYER TOTAL MONEY: 3679
[19:41:01:610873 +02:00] [Thread 6116] PLAYER: ( 76561198044866508 ) R Alpha 2-3:1 (dado) REMOTE PURCHASED ITEM MiniGrenade FOR 30 POPTABS | PLAYER TOTAL MONEY: 3649
[19:41:02:506924 +02:00] [Thread 6116] PLAYER: ( 76561198044866508 ) R Alpha 2-3:1 (dado) REMOTE PURCHASED ITEM MiniGrenade FOR 30 POPTABS | PLAYER TOTAL MONEY: 3619
[20:02:31:498650 +02:00] [Thread 5544] PLAYER: ( 76561198227507388 ) R Alpha 1-6:1 (Franck Idraned) REMOTE PURCHASED ITEM hlc_rifle_awMagnum_OD_ghillie FOR 1000 POPTABS | PLAYER TOTAL MONEY: 4000
[20:03:14:104087 +02:00] [Thread 4692] PLAYER: ( 76561198227507388 ) R Alpha 1-6:1 (Franck Idraned) REMOTE PURCHASED ITEM B_ViperLightHarness_ghex_F FOR 200 POPTABS | PLAYER TOTAL MONEY: 3800
[20:03:55:203438 +02:00] [Thread 6116] PLAYER: ( 76561198227507388 ) R Alpha 1-6:1 (Franck Idraned) REMOTE PURCHASED ITEM V_TacVestIR_blk FOR 50 POPTABS | PLAYER TOTAL MONEY: 3750
[20:04:17:306702 +02:00] [Thread 6116] PLAYER: ( 76561198227507388 ) R Alpha 1-6:1 (Franck Idraned) REMOTE PURCHASED ITEM V_PlateCarrierL_CTRG FOR 100 POPTABS | PLAYER TOTAL MONEY: 3650
[20:04:31:339504 +02:00] [Thread 5384] PLAYER: ( 76561198227507388 ) R Alpha 1-6:1 (Franck Idraned) REMOTE SOLD ITEM V_TacVestIR_blk FOR 25 POPTABS AND 2.5 RESPECT | PLAYER TOTAL MONEY: 3675
[20:05:32:671012 +02:00] [Thread 6116] PLAYER: ( 76561198044866508 ) R 76ers:1 (dado) REMOTE SOLD ITEM optic_DMS FOR 75 POPTABS AND 7.5 RESPECT | PLAYER TOTAL MONEY: 9194
[20:06:42:671016 +02:00] [Thread 4692] PLAYER: ( 76561198044866508 ) R 76ers:1 (dado) REMOTE PURCHASED ITEM 30Rnd_65x39_caseless_mag_Tracer FOR 30 POPTABS | PLAYER TOTAL MONEY: 9164
[20:06:43:635071 +02:00] [Thread 4692] PLAYER: ( 76561198044866508 ) R 76ers:1 (dado) REMOTE PURCHASED ITEM 30Rnd_65x39_caseless_mag_Tracer FOR 30 POPTABS | PLAYER TOTAL MONEY: 9134
[20:06:50:631471 +02:00] [Thread 5384] PLAYER: ( 76561198044866508 ) R 76ers:1 (dado) REMOTE PURCHASED ITEM MiniGrenade FOR 30 POPTABS | PLAYER TOTAL MONEY: 9104
[20:06:52:564582 +02:00] [Thread 4692] PLAYER: ( 76561198044866508 ) R 76ers:1 (dado) REMOTE PURCHASED ITEM MiniGrenade FOR 30 POPTABS | PLAYER TOTAL MONEY: 9074
[20:07:14:633844 +02:00] [Thread 5384] PLAYER: ( 76561198044866508 ) R 76ers:1 (dado) REMOTE PURCHASED ITEM optic_SOS FOR 200 POPTABS | PLAYER TOTAL MONEY: 8874
[20:07:38:814227 +02:00] [Thread 5384] PLAYER: ( 76561198227507388 ) R Alpha 1-6:1 (Franck Idraned) REMOTE PURCHASED ITEM U_O_T_Soldier_F FOR 40 POPTABS | PLAYER TOTAL MONEY: 3635
[20:08:31:681251 +02:00] [Thread 4692] PLAYER: ( 76561198227507388 ) R Alpha 1-6:1 (Franck Idraned) REMOTE PURCHASED ITEM H_HelmetB_light_grass FOR 20 POPTABS | PLAYER TOTAL MONEY: 3615
[20:08:39:646707 +02:00] [Thread 5384] PLAYER: ( 76561198227507388 ) R Alpha 1-6:1 (Franck Idraned) REMOTE PURCHASED ITEM Exile_Item_CanOpener FOR 80 POPTABS | PLAYER TOTAL MONEY: 3535
[20:08:41:307802 +02:00] [Thread 4692] PLAYER: ( 76561198227507388 ) R Alpha 1-6:1 (Franck Idraned) REMOTE PURCHASED ITEM Exile_Item_Matches FOR 60 POPTABS | PLAYER TOTAL MONEY: 3475
[20:08:43:860948 +02:00] [Thread 4692] PLAYER: ( 76561198227507388 ) R Alpha 1-6:1 (Franck Idraned) REMOTE PURCHASED ITEM Exile_Item_Heatpack FOR 50 POPTABS | PLAYER TOTAL MONEY: 3425
[20:08:46:529100 +02:00] [Thread 4692] PLAYER: ( 76561198227507388 ) R Alpha 1-6:1 (Franck Idraned) REMOTE PURCHASED ITEM Binocular FOR 40 POPTABS | PLAYER TOTAL MONEY: 3385
[20:09:17:195854 +02:00] [Thread 5384] PLAYER: ( 76561198227507388 ) R Alpha 1-6:1 (Franck Idraned) REMOTE PURCHASED ITEM hlc_5rnd_300WM_T_AWM FOR 30 POPTABS | PLAYER TOTAL MONEY: 3355
[20:09:20:714056 +02:00] [Thread 4692] PLAYER: ( 76561198227507388 ) R Alpha 1-6:1 (Franck Idraned) REMOTE PURCHASED ITEM hlc_5rnd_300WM_T_AWM FOR 30 POPTABS | PLAYER TOTAL MONEY: 3325
[20:09:21:754115 +02:00] [Thread 5384] PLAYER: ( 76561198227507388 ) R Alpha 1-6:1 (Franck Idraned) REMOTE PURCHASED ITEM hlc_5rnd_300WM_T_AWM FOR 30 POPTABS | PLAYER TOTAL MONEY: 3295
[20:09:22:592163 +02:00] [Thread 5384] PLAYER: ( 76561198227507388 ) R Alpha 1-6:1 (Franck Idraned) REMOTE PURCHASED ITEM hlc_5rnd_300WM_T_AWM FOR 30 POPTABS | PLAYER TOTAL MONEY: 3265
[20:09:23:509216 +02:00] [Thread 4692] PLAYER: ( 76561198227507388 ) R Alpha 1-6:1 (Franck Idraned) REMOTE PURCHASED ITEM hlc_5rnd_300WM_T_AWM FOR 30 POPTABS | PLAYER TOTAL MONEY: 3235
[20:09:24:503272 +02:00] [Thread 5384] PLAYER: ( 76561198227507388 ) R Alpha 1-6:1 (Franck Idraned) REMOTE PURCHASED ITEM hlc_5rnd_300WM_T_AWM FOR 30 POPTABS | PLAYER TOTAL MONEY: 3205
[20:09:59:886296 +02:00] [Thread 4692] PLAYER: ( 76561198227507388 ) R Alpha 1-6:1 (Franck Idraned) REMOTE PURCHASED ITEM optic_SOS_khk_F FOR 200 POPTABS | PLAYER TOTAL MONEY: 3005
[20:10:19:641426 +02:00] [Thread 5384] PLAYER: ( 76561198227507388 ) R Alpha 1-6:1 (Franck Idraned) REMOTE PURCHASED ITEM Exile_Weapon_AK74 FOR 350 POPTABS | PLAYER TOTAL MONEY: 2655
[20:11:00:632771 +02:00] [Thread 5384] PLAYER: ( 76561198227507388 ) R Alpha 1-6:1 (Franck Idraned) REMOTE PURCHASED ITEM acc_flashlight FOR 4 POPTABS | PLAYER TOTAL MONEY: 2651
[20:11:07:229148 +02:00] [Thread 4692] PLAYER: ( 76561198044866508 ) R 76ers:1 (dado) REMOTE PURCHASED ITEM 30Rnd_65x39_caseless_mag_Tracer FOR 30 POPTABS | PLAYER TOTAL MONEY: 8844
[20:11:08:383214 +02:00] [Thread 5384] PLAYER: ( 76561198044866508 ) R 76ers:1 (dado) REMOTE PURCHASED ITEM 30Rnd_65x39_caseless_mag_Tracer FOR 30 POPTABS | PLAYER TOTAL MONEY: 8814
[20:11:16:664688 +02:00] [Thread 4692] PLAYER: ( 76561198227507388 ) R Alpha 1-6:1 (Franck Idraned) REMOTE PURCHASED ITEM optic_Arco_ghex_F FOR 100 POPTABS | PLAYER TOTAL MONEY: 2551
[20:11:47:844471 +02:00] [Thread 5384] PLAYER: ( 76561198227507388 ) R Alpha 1-6:1 (Franck Idraned) REMOTE PURCHASED ITEM bipod_01_F_mtp FOR 10 POPTABS | PLAYER TOTAL MONEY: 2541
[20:11:54:017824 +02:00] [Thread 5384] PLAYER: ( 76561198227507388 ) R Alpha 1-6:1 (Franck Idraned) REMOTE PURCHASED ITEM Exile_Magazine_30Rnd_545x39_AK_Red FOR 20 POPTABS | PLAYER TOTAL MONEY: 2521
[20:11:55:349900 +02:00] [Thread 4692] PLAYER: ( 76561198227507388 ) R Alpha 1-6:1 (Franck Idraned) REMOTE PURCHASED ITEM Exile_Magazine_30Rnd_545x39_AK_Red FOR 20 POPTABS | PLAYER TOTAL MONEY: 2501
[20:11:57:915047 +02:00] [Thread 5384] PLAYER: ( 76561198227507388 ) R Alpha 1-6:1 (Franck Idraned) REMOTE PURCHASED ITEM Exile_Magazine_30Rnd_545x39_AK_Red FOR 20 POPTABS | PLAYER TOTAL MONEY: 2481
[20:11:59:262124 +02:00] [Thread 5384] PLAYER: ( 76561198227507388 ) R Alpha 1-6:1 (Franck Idraned) REMOTE PURCHASED ITEM Exile_Magazine_30Rnd_545x39_AK_Red FOR 20 POPTABS | PLAYER TOTAL MONEY: 2461
[20:12:00:198178 +02:00] [Thread 4692] PLAYER: ( 76561198227507388 ) R Alpha 1-6:1 (Franck Idraned) REMOTE PURCHASED ITEM Exile_Magazine_30Rnd_545x39_AK_Red FOR 20 POPTABS | PLAYER TOTAL MONEY: 2441
[20:13:59:737015 +02:00] [Thread 4692] PLAYER: ( 76561197981840743 ) R 76ers:4 (Lazouille) REMOTE PURCHASED ITEM hlc_rifle_awMagnum_OD_ghillie FOR 1000 POPTABS | PLAYER TOTAL MONEY: 12565
[20:14:00:454056 +02:00] [Thread 5384] PLAYER: ( 76561198020201324 ) R 76ers:3 (Julius) REMOTE PURCHASED ITEM hlc_5rnd_300WM_BTSP_AWM FOR 30 POPTABS | PLAYER TOTAL MONEY: 2970
[20:14:01:815134 +02:00] [Thread 4692] PLAYER: ( 76561198020201324 ) R 76ers:3 (Julius) REMOTE PURCHASED ITEM hlc_5rnd_300WM_BTSP_AWM FOR 30 POPTABS | PLAYER TOTAL MONEY: 2940
[20:14:02:839192 +02:00] [Thread 5384] PLAYER: ( 76561198020201324 ) R 76ers:3 (Julius) REMOTE PURCHASED ITEM hlc_5rnd_300WM_BTSP_AWM FOR 30 POPTABS | PLAYER TOTAL MONEY: 2910
[20:14:03:753245 +02:00] [Thread 4692] PLAYER: ( 76561198020201324 ) R 76ers:3 (Julius) REMOTE PURCHASED ITEM hlc_5rnd_300WM_BTSP_AWM FOR 30 POPTABS | PLAYER TOTAL MONEY: 2880
[20:14:04:709299 +02:00] [Thread 4692] PLAYER: ( 76561198020201324 ) R 76ers:3 (Julius) REMOTE PURCHASED ITEM hlc_5rnd_300WM_BTSP_AWM FOR 30 POPTABS | PLAYER TOTAL MONEY: 2850
[20:14:16:339965 +02:00] [Thread 5384] PLAYER: ( 76561198227507388 ) R 76ers:4 (Franck Idraned) REMOTE PURCHASED ITEM Exile_Item_PlasticBottleFreshWater FOR 50 POPTABS | PLAYER TOTAL MONEY: 2391
[20:14:17:105008 +02:00] [Thread 4692] PLAYER: ( 76561198227507388 ) R 76ers:4 (Franck Idraned) REMOTE PURCHASED ITEM Exile_Item_PlasticBottleFreshWater FOR 50 POPTABS | PLAYER TOTAL MONEY: 2341
[20:14:17:815049 +02:00] [Thread 5384] PLAYER: ( 76561198227507388 ) R 76ers:4 (Franck Idraned) REMOTE PURCHASED ITEM Exile_Item_PlasticBottleFreshWater FOR 50 POPTABS | PLAYER TOTAL MONEY: 2291
[20:14:18:832107 +02:00] [Thread 4692] PLAYER: ( 76561197981840743 ) R 76ers:4 (Lazouille) REMOTE PURCHASED ITEM hlc_5rnd_300WM_T_AWM FOR 30 POPTABS | PLAYER TOTAL MONEY: 12535
[20:14:18:859109 +02:00] [Thread 5384] PLAYER: ( 76561198227507388 ) R 76ers:4 (Franck Idraned) REMOTE PURCHASED ITEM Exile_Item_PlasticBottleFreshWater FOR 50 POPTABS | PLAYER TOTAL MONEY: 2241
[20:14:19:697157 +02:00] [Thread 5384] PLAYER: ( 76561198227507388 ) R 76ers:4 (Franck Idraned) REMOTE PURCHASED ITEM Exile_Item_PlasticBottleFreshWater FOR 50 POPTABS | PLAYER TOTAL MONEY: 2191
[20:14:19:839165 +02:00] [Thread 4692] PLAYER: ( 76561197981840743 ) R 76ers:4 (Lazouille) REMOTE PURCHASED ITEM hlc_5rnd_300WM_T_AWM FOR 30 POPTABS | PLAYER TOTAL MONEY: 12505
[20:14:22:022290 +02:00] [Thread 6116] PLAYER: ( 76561197981840743 ) R 76ers:4 (Lazouille) REMOTE SOLD ITEM hlc_5rnd_300WM_BTSP_AWM FOR 15 POPTABS AND 1.5 RESPECT | PLAYER TOTAL MONEY: 12520
[20:14:23:065349 +02:00] [Thread 6116] PLAYER: ( 76561197981840743 ) R 76ers:4 (Lazouille) REMOTE SOLD ITEM hlc_5rnd_300WM_BTSP_AWM FOR 15 POPTABS AND 1.5 RESPECT | PLAYER TOTAL MONEY: 12535
[20:14:24:043405 +02:00] [Thread 6116] PLAYER: ( 76561197981840743 ) R 76ers:4 (Lazouille) REMOTE SOLD ITEM hlc_5rnd_300WM_BTSP_AWM FOR 15 POPTABS AND 1.5 RESPECT | PLAYER TOTAL MONEY: 12550
[20:14:24:329421 +02:00] [Thread 5384] PLAYER: ( 76561198227507388 ) R 76ers:4 (Franck Idraned) REMOTE PURCHASED ITEM Exile_Item_Cheathas FOR 18 POPTABS | PLAYER TOTAL MONEY: 2173
[20:14:25:057463 +02:00] [Thread 5384] PLAYER: ( 76561198227507388 ) R 76ers:4 (Franck Idraned) REMOTE PURCHASED ITEM Exile_Item_Cheathas FOR 18 POPTABS | PLAYER TOTAL MONEY: 2155
[20:14:25:308477 +02:00] [Thread 6116] PLAYER: ( 76561197981840743 ) R 76ers:4 (Lazouille) REMOTE SOLD ITEM hlc_5rnd_300WM_BTSP_AWM FOR 15 POPTABS AND 1.5 RESPECT | PLAYER TOTAL MONEY: 12565
[20:14:25:589494 +02:00] [Thread 4692] PLAYER: ( 76561198020201324 ) R 76ers:3 (Julius) REMOTE PURCHASED ITEM hlc_5rnd_300WM_BTSP_AWM FOR 30 POPTABS | PLAYER TOTAL MONEY: 2820
[20:14:25:933513 +02:00] [Thread 4692] PLAYER: ( 76561198227507388 ) R 76ers:4 (Franck Idraned) REMOTE PURCHASED ITEM Exile_Item_Cheathas FOR 18 POPTABS | PLAYER TOTAL MONEY: 2137
[20:14:26:322535 +02:00] [Thread 6116] PLAYER: ( 76561197981840743 ) R 76ers:4 (Lazouille) REMOTE SOLD ITEM hlc_5rnd_300WM_BTSP_AWM FOR 15 POPTABS AND 1.5 RESPECT | PLAYER TOTAL MONEY: 12580
[20:14:26:547548 +02:00] [Thread 4692] PLAYER: ( 76561198020201324 ) R 76ers:3 (Julius) REMOTE PURCHASED ITEM hlc_5rnd_300WM_BTSP_AWM FOR 30 POPTABS | PLAYER TOTAL MONEY: 2790
[20:14:26:707558 +02:00] [Thread 4692] PLAYER: ( 76561198227507388 ) R 76ers:4 (Franck Idraned) REMOTE PURCHASED ITEM Exile_Item_Cheathas FOR 18 POPTABS | PLAYER TOTAL MONEY: 2119
[20:14:27:257589 +02:00] [Thread 6116] PLAYER: ( 76561197981840743 ) R 76ers:4 (Lazouille) REMOTE SOLD ITEM Exile_Weapon_Makarov FOR 60 POPTABS AND 6 RESPECT | PLAYER TOTAL MONEY: 12640
[20:14:27:477602 +02:00] [Thread 5384] PLAYER: ( 76561198227507388 ) R 76ers:4 (Franck Idraned) REMOTE PURCHASED ITEM Exile_Item_Cheathas FOR 18 POPTABS | PLAYER TOTAL MONEY: 2101
[20:14:27:570607 +02:00] [Thread 5384] PLAYER: ( 76561198020201324 ) R 76ers:3 (Julius) REMOTE PURCHASED ITEM hlc_5rnd_300WM_BTSP_AWM FOR 30 POPTABS | PLAYER TOTAL MONEY: 2760
[20:14:28:626667 +02:00] [Thread 5384] PLAYER: ( 76561198020201324 ) R 76ers:3 (Julius) REMOTE PURCHASED ITEM hlc_5rnd_300WM_BTSP_AWM FOR 30 POPTABS | PLAYER TOTAL MONEY: 2730
[20:14:44:580580 +02:00] [Thread 5384] PLAYER: ( 76561198020201324 ) R 76ers:3 (Julius) REMOTE PURCHASED ITEM hgun_Rook40_F FOR 50 POPTABS | PLAYER TOTAL MONEY: 2680
[20:14:54:581152 +02:00] [Thread 4692] PLAYER: ( 76561198020201324 ) R 76ers:3 (Julius) REMOTE PURCHASED ITEM 30Rnd_9x21_Yellow_Mag FOR 40 POPTABS | PLAYER TOTAL MONEY: 2640
[20:14:55:604210 +02:00] [Thread 5384] PLAYER: ( 76561198020201324 ) R 76ers:3 (Julius) REMOTE PURCHASED ITEM 30Rnd_9x21_Yellow_Mag FOR 40 POPTABS | PLAYER TOTAL MONEY: 2600
[20:14:56:629269 +02:00] [Thread 4692] PLAYER: ( 76561198020201324 ) R 76ers:3 (Julius) REMOTE PURCHASED ITEM 30Rnd_9x21_Yellow_Mag FOR 40 POPTABS | PLAYER TOTAL MONEY: 2560
[20:14:57:674329 +02:00] [Thread 4692] PLAYER: ( 76561197981840743 ) R 76ers:4 (Lazouille) REMOTE PURCHASED ITEM hlc_5rnd_300WM_T_AWM FOR 30 POPTABS | PLAYER TOTAL MONEY: 12610
[20:14:58:394370 +02:00] [Thread 5384] PLAYER: ( 76561197981840743 ) R 76ers:4 (Lazouille) REMOTE PURCHASED ITEM hlc_5rnd_300WM_T_AWM FOR 30 POPTABS | PLAYER TOTAL MONEY: 12580
[20:14:59:208416 +02:00] [Thread 4692] PLAYER: ( 76561197981840743 ) R 76ers:4 (Lazouille) REMOTE PURCHASED ITEM hlc_5rnd_300WM_T_AWM FOR 30 POPTABS | PLAYER TOTAL MONEY: 12550
[20:15:00:100467 +02:00] [Thread 5384] PLAYER: ( 76561197981840743 ) R 76ers:4 (Lazouille) REMOTE PURCHASED ITEM hlc_5rnd_300WM_T_AWM FOR 30 POPTABS | PLAYER TOTAL MONEY: 12520
[20:15:00:843510 +02:00] [Thread 4692] PLAYER: ( 76561197981840743 ) R 76ers:4 (Lazouille) REMOTE PURCHASED ITEM hlc_5rnd_300WM_T_AWM FOR 30 POPTABS | PLAYER TOTAL MONEY: 12490
[20:15:01:686558 +02:00] [Thread 5384] PLAYER: ( 76561197981840743 ) R 76ers:4 (Lazouille) REMOTE PURCHASED ITEM hlc_5rnd_300WM_T_AWM FOR 30 POPTABS | PLAYER TOTAL MONEY: 12460
[20:15:02:502605 +02:00] [Thread 4692] PLAYER: ( 76561197981840743 ) R 76ers:4 (Lazouille) REMOTE PURCHASED ITEM hlc_5rnd_300WM_T_AWM FOR 30 POPTABS | PLAYER TOTAL MONEY: 12430
[20:15:03:265649 +02:00] [Thread 4692] PLAYER: ( 76561197981840743 ) R 76ers:4 (Lazouille) REMOTE PURCHASED ITEM hlc_5rnd_300WM_T_AWM FOR 30 POPTABS | PLAYER TOTAL MONEY: 12400
[20:15:04:083695 +02:00] [Thread 4692] PLAYER: ( 76561197981840743 ) R 76ers:4 (Lazouille) REMOTE PURCHASED ITEM hlc_5rnd_300WM_T_AWM FOR 30 POPTABS | PLAYER TOTAL MONEY: 12370
[20:15:04:870740 +02:00] [Thread 5384] PLAYER: ( 76561197981840743 ) R 76ers:4 (Lazouille) REMOTE PURCHASED ITEM hlc_5rnd_300WM_T_AWM FOR 30 POPTABS | PLAYER TOTAL MONEY: 12340
[20:15:05:523778 +02:00] [Thread 4692] PLAYER: ( 76561197981840743 ) R 76ers:4 (Lazouille) REMOTE PURCHASED ITEM hlc_5rnd_300WM_T_AWM FOR 30 POPTABS | PLAYER TOTAL MONEY: 12310
[20:15:06:401828 +02:00] [Thread 4692] PLAYER: ( 76561197981840743 ) R 76ers:4 (Lazouille) REMOTE PURCHASED ITEM hlc_5rnd_300WM_T_AWM FOR 30 POPTABS | PLAYER TOTAL MONEY: 12280
[20:15:07:160871 +02:00] [Thread 4692] PLAYER: ( 76561197981840743 ) R 76ers:4 (Lazouille) REMOTE PURCHASED ITEM hlc_5rnd_300WM_T_AWM FOR 30 POPTABS | PLAYER TOTAL MONEY: 12250
[20:15:07:942916 +02:00] [Thread 4692] PLAYER: ( 76561197981840743 ) R 76ers:4 (Lazouille) REMOTE PURCHASED ITEM hlc_5rnd_300WM_T_AWM FOR 30 POPTABS | PLAYER TOTAL MONEY: 12220
[20:15:10:174044 +02:00] [Thread 4692] PLAYER: ( 76561198168988383 ) R 76ers:5 (v1) REMOTE PURCHASED ITEM U_O_PilotCoveralls FOR 60 POPTABS | PLAYER TOTAL MONEY: 2440
[20:15:22:431745 +02:00] [Thread 4692] PLAYER: ( 76561197981840743 ) R 76ers:4 (Lazouille) REMOTE PURCHASED ITEM Exile_Weapon_Makarov FOR 100 POPTABS | PLAYER TOTAL MONEY: 12120
[20:15:35:575497 +02:00] [Thread 5384] PLAYER: ( 76561197981840743 ) R 76ers:4 (Lazouille) REMOTE PURCHASED ITEM Exile_Magazine_8Rnd_9x18 FOR 20 POPTABS | PLAYER TOTAL MONEY: 12100
[20:15:36:480548 +02:00] [Thread 4692] PLAYER: ( 76561197981840743 ) R 76ers:4 (Lazouille) REMOTE PURCHASED ITEM Exile_Magazine_8Rnd_9x18 FOR 20 POPTABS | PLAYER TOTAL MONEY: 12080
[20:15:37:218591 +02:00] [Thread 5384] PLAYER: ( 76561197981840743 ) R 76ers:4 (Lazouille) REMOTE PURCHASED ITEM Exile_Magazine_8Rnd_9x18 FOR 20 POPTABS | PLAYER TOTAL MONEY: 12060
[20:15:38:019636 +02:00] [Thread 5384] PLAYER: ( 76561197981840743 ) R 76ers:4 (Lazouille) REMOTE PURCHASED ITEM Exile_Magazine_8Rnd_9x18 FOR 20 POPTABS | PLAYER TOTAL MONEY: 12040
[20:15:44:613013 +02:00] [Thread 5384] PLAYER: ( 76561197981840743 ) R 76ers:4 (Lazouille) REMOTE PURCHASED ITEM Exile_Magazine_8Rnd_9x18 FOR 20 POPTABS | PLAYER TOTAL MONEY: 12020
[20:15:45:287052 +02:00] [Thread 5384] PLAYER: ( 76561197981840743 ) R 76ers:4 (Lazouille) REMOTE PURCHASED ITEM Exile_Magazine_8Rnd_9x18 FOR 20 POPTABS | PLAYER TOTAL MONEY: 12000
[20:15:45:989092 +02:00] [Thread 4692] PLAYER: ( 76561197981840743 ) R 76ers:4 (Lazouille) REMOTE PURCHASED ITEM Exile_Magazine_8Rnd_9x18 FOR 20 POPTABS | PLAYER TOTAL MONEY: 11980
[20:15:46:702133 +02:00] [Thread 4692] PLAYER: ( 76561197981840743 ) R 76ers:4 (Lazouille) REMOTE PURCHASED ITEM Exile_Magazine_8Rnd_9x18 FOR 20 POPTABS | PLAYER TOTAL MONEY: 11960
[20:15:47:395173 +02:00] [Thread 4692] PLAYER: ( 76561197981840743 ) R 76ers:4 (Lazouille) REMOTE PURCHASED ITEM Exile_Magazine_8Rnd_9x18 FOR 20 POPTABS | PLAYER TOTAL MONEY: 11940
[20:15:48:137215 +02:00] [Thread 4692] PLAYER: ( 76561197981840743 ) R 76ers:4 (Lazouille) REMOTE PURCHASED ITEM Exile_Magazine_8Rnd_9x18 FOR 20 POPTABS | PLAYER TOTAL MONEY: 11920
[20:15:57:130729 +02:00] [Thread 4692] PLAYER: ( 76561198168988383 ) R 76ers:5 (v1) REMOTE PURCHASED ITEM V_PlateCarrierH_CTRG FOR 100 POPTABS | PLAYER TOTAL MONEY: 2340
[20:16:13:604672 +02:00] [Thread 5384] PLAYER: ( 76561197981840743 ) R 76ers:4 (Lazouille) REMOTE PURCHASED ITEM optic_SOS FOR 200 POPTABS | PLAYER TOTAL MONEY: 11720
[20:17:00:190336 +02:00] [Thread 6116] PLAYER: ( 76561197981840743 ) R 76ers:4 (Lazouille) REMOTE SOLD ITEM hlc_5rnd_300WM_T_AWM FOR 15 POPTABS AND 1.5 RESPECT | PLAYER TOTAL MONEY: 11735
[20:17:01:429407 +02:00] [Thread 6116] PLAYER: ( 76561197981840743 ) R 76ers:4 (Lazouille) REMOTE SOLD ITEM hlc_5rnd_300WM_T_AWM FOR 15 POPTABS AND 1.5 RESPECT | PLAYER TOTAL MONEY: 11750
[20:17:06:989725 +02:00] [Thread 6116] PLAYER: ( 76561197981840743 ) R 76ers:4 (Lazouille) REMOTE SOLD ITEM hlc_5rnd_300WM_T_AWM FOR 15 POPTABS AND 1.5 RESPECT | PLAYER TOTAL MONEY: 11765
[20:17:07:957780 +02:00] [Thread 6116] PLAYER: ( 76561197981840743 ) R 76ers:4 (Lazouille) REMOTE SOLD ITEM hlc_5rnd_300WM_T_AWM FOR 15 POPTABS AND 1.5 RESPECT | PLAYER TOTAL MONEY: 11780
[20:17:08:907835 +02:00] [Thread 6116] PLAYER: ( 76561197981840743 ) R 76ers:4 (Lazouille) REMOTE SOLD ITEM hlc_5rnd_300WM_T_AWM FOR 15 POPTABS AND 1.5 RESPECT | PLAYER TOTAL MONEY: 11795
[20:17:10:422921 +02:00] [Thread 6116] PLAYER: ( 76561197981840743 ) R 76ers:4 (Lazouille) REMOTE SOLD ITEM hlc_5rnd_300WM_T_AWM FOR 15 POPTABS AND 1.5 RESPECT | PLAYER TOTAL MONEY: 11810
[20:17:11:201966 +02:00] [Thread 6116] PLAYER: ( 76561197981840743 ) R 76ers:4 (Lazouille) REMOTE SOLD ITEM hlc_5rnd_300WM_T_AWM FOR 15 POPTABS AND 1.5 RESPECT | PLAYER TOTAL MONEY: 11825
[20:17:12:341031 +02:00] [Thread 6116] PLAYER: ( 76561197981840743 ) R 76ers:4 (Lazouille) REMOTE SOLD ITEM hlc_5rnd_300WM_T_AWM FOR 15 POPTABS AND 1.5 RESPECT | PLAYER TOTAL MONEY: 11840
[20:18:00:936811 +02:00] [Thread 5384] PLAYER: ( 76561198227507388 ) R 76ers:4 (Franck Idraned) REMOTE PURCHASED ITEM hgun_P07_khk_F FOR 65 POPTABS | PLAYER TOTAL MONEY: 935
[20:18:01:238828 +02:00] [Thread 5384] PLAYER: ( 76561197981840743 ) R 76ers:4 (Lazouille) REMOTE PURCHASED ITEM Exile_Item_PlasticBottleFreshWater FOR 50 POPTABS | PLAYER TOTAL MONEY: 11790
[20:18:01:882865 +02:00] [Thread 5384] PLAYER: ( 76561197981840743 ) R 76ers:4 (Lazouille) REMOTE PURCHASED ITEM Exile_Item_PlasticBottleFreshWater FOR 50 POPTABS | PLAYER TOTAL MONEY: 11740
[20:18:02:703912 +02:00] [Thread 5384] PLAYER: ( 76561197981840743 ) R 76ers:4 (Lazouille) REMOTE PURCHASED ITEM Exile_Item_PlasticBottleFreshWater FOR 50 POPTABS | PLAYER TOTAL MONEY: 11690
[20:18:03:442954 +02:00] [Thread 5384] PLAYER: ( 76561197981840743 ) R 76ers:4 (Lazouille) REMOTE PURCHASED ITEM Exile_Item_PlasticBottleFreshWater FOR 50 POPTABS | PLAYER TOTAL MONEY: 11640
[20:18:04:174996 +02:00] [Thread 4692] PLAYER: ( 76561197981840743 ) R 76ers:4 (Lazouille) REMOTE PURCHASED ITEM Exile_Item_PlasticBottleFreshWater FOR 50 POPTABS | PLAYER TOTAL MONEY: 11590
[20:18:04:835034 +02:00] [Thread 4692] PLAYER: ( 76561197981840743 ) R 76ers:4 (Lazouille) REMOTE PURCHASED ITEM Exile_Item_PlasticBottleFreshWater FOR 50 POPTABS | PLAYER TOTAL MONEY: 11540
[20:18:15:688654 +02:00] [Thread 5384] PLAYER: ( 76561198227507388 ) R 76ers:4 (Franck Idraned) REMOTE PURCHASED ITEM 30Rnd_9x21_Green_Mag FOR 40 POPTABS | PLAYER TOTAL MONEY: 895
[20:18:16:930726 +02:00] [Thread 5384] PLAYER: ( 76561198227507388 ) R 76ers:4 (Franck Idraned) REMOTE PURCHASED ITEM 30Rnd_9x21_Green_Mag FOR 40 POPTABS | PLAYER TOTAL MONEY: 855
[20:18:18:261802 +02:00] [Thread 5384] PLAYER: ( 76561198227507388 ) R 76ers:4 (Franck Idraned) REMOTE PURCHASED ITEM 30Rnd_9x21_Green_Mag FOR 40 POPTABS | PLAYER TOTAL MONEY: 815
[20:18:21:757002 +02:00] [Thread 6116] PLAYER: ( 76561198020201324 ) R 76ers:3 (Julius) REMOTE SOLD ITEM hlc_rifle_awMagnum_FDE_ghillie FOR 615 POPTABS AND 61.5 RESPECT | PLAYER TOTAL MONEY: 2615
[20:18:23:715114 +02:00] [Thread 4692] PLAYER: ( 76561197981840743 ) R 76ers:4 (Lazouille) REMOTE PURCHASED ITEM Exile_Item_Cheathas FOR 18 POPTABS | PLAYER TOTAL MONEY: 11522
[20:18:23:973128 +02:00] [Thread 6116] PLAYER: ( 76561198020201324 ) R 76ers:3 (Julius) REMOTE SOLD ITEM hgun_Rook40_F FOR 45 POPTABS AND 4.5 RESPECT | PLAYER TOTAL MONEY: 2660
[20:18:24:505159 +02:00] [Thread 5384] PLAYER: ( 76561197981840743 ) R 76ers:4 (Lazouille) REMOTE PURCHASED ITEM Exile_Item_Cheathas FOR 18 POPTABS | PLAYER TOTAL MONEY: 11504
[20:18:25:381209 +02:00] [Thread 5384] PLAYER: ( 76561197981840743 ) R 76ers:4 (Lazouille) REMOTE PURCHASED ITEM Exile_Item_Cheathas FOR 18 POPTABS | PLAYER TOTAL MONEY: 11486
[20:18:26:026246 +02:00] [Thread 5384] PLAYER: ( 76561197981840743 ) R 76ers:4 (Lazouille) REMOTE PURCHASED ITEM Exile_Item_Cheathas FOR 18 POPTABS | PLAYER TOTAL MONEY: 11468
[20:18:27:026303 +02:00] [Thread 5384] PLAYER: ( 76561197981840743 ) R 76ers:4 (Lazouille) REMOTE PURCHASED ITEM Exile_Item_Cheathas FOR 18 POPTABS | PLAYER TOTAL MONEY: 11450
[20:18:27:867351 +02:00] [Thread 5384] PLAYER: ( 76561197981840743 ) R 76ers:4 (Lazouille) REMOTE PURCHASED ITEM Exile_Item_Cheathas FOR 18 POPTABS | PLAYER TOTAL MONEY: 11432
[20:18:28:654396 +02:00] [Thread 5384] PLAYER: ( 76561197981840743 ) R 76ers:4 (Lazouille) REMOTE PURCHASED ITEM Exile_Item_Cheathas FOR 18 POPTABS | PLAYER TOTAL MONEY: 11414
[20:18:34:591736 +02:00] [Thread 6116] PLAYER: ( 76561198020201324 ) R 76ers:3 (Julius) REMOTE SOLD ITEM 150Rnd_762x54_Box FOR 10 POPTABS AND 1 RESPECT | PLAYER TOTAL MONEY: 2670
[20:18:35:764803 +02:00] [Thread 6116] PLAYER: ( 76561198020201324 ) R 76ers:3 (Julius) REMOTE SOLD ITEM 150Rnd_762x54_Box FOR 10 POPTABS AND 1 RESPECT | PLAYER TOTAL MONEY: 2680
[20:18:38:019932 +02:00] [Thread 6116] PLAYER: ( 76561198020201324 ) R 76ers:3 (Julius) REMOTE SOLD ITEM 30Rnd_9x21_Yellow_Mag FOR 20 POPTABS AND 2 RESPECT | PLAYER TOTAL MONEY: 2700
[20:18:41:334121 +02:00] [Thread 5384] PLAYER: ( 76561198020201324 ) R 76ers:3 (Julius) REMOTE SOLD ITEM hlc_5rnd_300WM_BTSP_AWM FOR 15 POPTABS AND 1.5 RESPECT | PLAYER TOTAL MONEY: 2715
[20:18:41:627138 +02:00] [Thread 5384] PLAYER: ( 76561198020201324 ) R 76ers:3 (Julius) REMOTE SOLD ITEM hlc_5rnd_300WM_BTSP_AWM FOR 15 POPTABS AND 1.5 RESPECT | PLAYER TOTAL MONEY: 2730
[20:18:43:500245 +02:00] [Thread 6116] PLAYER: ( 76561198020201324 ) R 76ers:3 (Julius) REMOTE SOLD ITEM hlc_5rnd_300WM_BTSP_AWM FOR 15 POPTABS AND 1.5 RESPECT | PLAYER TOTAL MONEY: 2745
[20:18:44:035276 +02:00] [Thread 6116] PLAYER: ( 76561198020201324 ) R 76ers:3 (Julius) REMOTE SOLD ITEM hlc_5rnd_300WM_BTSP_AWM FOR 15 POPTABS AND 1.5 RESPECT | PLAYER TOTAL MONEY: 2760
[20:18:45:109337 +02:00] [Thread 6116] PLAYER: ( 76561198020201324 ) R 76ers:3 (Julius) REMOTE SOLD ITEM hlc_5rnd_300WM_BTSP_AWM FOR 15 POPTABS AND 1.5 RESPECT | PLAYER TOTAL MONEY: 2775
[20:18:46:361409 +02:00] [Thread 6116] PLAYER: ( 76561198020201324 ) R 76ers:3 (Julius) REMOTE SOLD ITEM hlc_5rnd_300WM_BTSP_AWM FOR 15 POPTABS AND 1.5 RESPECT | PLAYER TOTAL MONEY: 2790
[20:18:47:530476 +02:00] [Thread 6116] PLAYER: ( 76561198020201324 ) R 76ers:3 (Julius) REMOTE SOLD ITEM hlc_5rnd_300WM_BTSP_AWM FOR 15 POPTABS AND 1.5 RESPECT | PLAYER TOTAL MONEY: 2805
[20:18:48:921555 +02:00] [Thread 6116] PLAYER: ( 76561198020201324 ) R 76ers:3 (Julius) REMOTE SOLD ITEM hlc_5rnd_300WM_BTSP_AWM FOR 15 POPTABS AND 1.5 RESPECT | PLAYER TOTAL MONEY: 2820
[20:18:50:245631 +02:00] [Thread 6116] PLAYER: ( 76561198020201324 ) R 76ers:3 (Julius) REMOTE SOLD ITEM 30Rnd_9x21_Yellow_Mag FOR 20 POPTABS AND 2 RESPECT | PLAYER TOTAL MONEY: 2840
[20:19:18:479246 +02:00] [Thread 4692] PLAYER: ( 76561198020201324 ) R 76ers:3 (Julius) REMOTE PURCHASED ITEM hlc_lmg_mk48 FOR 1000 POPTABS | PLAYER TOTAL MONEY: 1840
[20:20:03:238806 +02:00] [Thread 5384] PLAYER: ( 76561198020201324 ) R 76ers:3 (Julius) REMOTE PURCHASED ITEM hlc_100Rnd_762x51_T_M60E4 FOR 70 POPTABS | PLAYER TOTAL MONEY: 1770
[20:20:04:256864 +02:00] [Thread 4692] PLAYER: ( 76561198020201324 ) R 76ers:3 (Julius) REMOTE PURCHASED ITEM hlc_100Rnd_762x51_T_M60E4 FOR 70 POPTABS | PLAYER TOTAL MONEY: 1700
[20:20:05:333926 +02:00] [Thread 5384] PLAYER: ( 76561198020201324 ) R 76ers:3 (Julius) REMOTE PURCHASED ITEM hlc_100Rnd_762x51_T_M60E4 FOR 70 POPTABS | PLAYER TOTAL MONEY: 1630
[20:20:06:257979 +02:00] [Thread 5384] PLAYER: ( 76561198020201324 ) R 76ers:3 (Julius) REMOTE PURCHASED ITEM hlc_100Rnd_762x51_T_M60E4 FOR 70 POPTABS | PLAYER TOTAL MONEY: 1560
[20:20:16:209548 +02:00] [Thread 5384] PLAYER: ( 76561198020201324 ) R 76ers:3 (Julius) REMOTE PURCHASED ITEM optic_SOS FOR 200 POPTABS | PLAYER TOTAL MONEY: 1360
[20:20:24:235007 +02:00] [Thread 4692] PLAYER: ( 76561198020201324 ) R 76ers:3 (Julius) REMOTE PURCHASED ITEM bipod_03_F_blk FOR 10 POPTABS | PLAYER TOTAL MONEY: 1350
[20:22:54:252587 +02:00] [Thread 5384] PLAYER: ( 76561198227507388 ) R 76ers:4 (Franck Idraned) REMOTE PURCHASED ITEM Land_ShelvesWooden_khaki_F_Kit FOR 5000 POPTABS | PLAYER TOTAL MONEY: 0
[21:21:44:787522 +02:00] [Thread 5544] PLAYER: ( 76561198020201324 ) R 76ers:3 (Julius) REMOTE SOLD ITEM: Exile_Car_Van_White (ID# <null>) with Cargo ["150Rnd_93x64_Mag","100Rnd_65x39_caseless_mag","100Rnd_65x39_caseless_mag","100Rnd_65x39_caseless_mag","30Rnd_556x45_Stanag","30Rnd_556x45_Stanag","30Rnd_556x45_Stanag","30Rnd_556x45_Stanag","20Rnd_762x51_Mag","20Rnd_762x51_Mag","20Rnd_762x51_Mag","30Rnd_762x39_Mag_F","30Rnd_762x39_Mag_F","30Rnd_762x39_Mag_F","30Rnd_762x39_Mag_F","Exile_Magazine_5Rnd_22LR","Exile_Magazine_5Rnd_22LR","Exile_Magazine_5Rnd_22LR","Exile_Magazine_5Rnd_22LR","150Rnd_762x54_Box","30Rnd_580x42_Mag_F","30Rnd_580x42_Mag_F","30Rnd_580x42_Mag_F","150Rnd_762x54_Box","30Rnd_65x39_caseless_green","30Rnd_65x39_caseless_green","30Rnd_65x39_caseless_green","100Rnd_65x39_caseless_mag","30Rnd_65x39_caseless_mag","30Rnd_65x39_caseless_mag","30Rnd_65x39_caseless_mag","30Rnd_65x39_caseless_mag","150Rnd_93x64_Mag","150Rnd_93x64_Mag","LMG_Zafir_F","150Rnd_762x54_Box","srifle_DMR_06_olive_F","MMG_01_hex_F","arifle_MX_Black_F","arifle_Katiba_F","arifle_MX_SW_Black_F","arifle_Mk20_F","arifle_AK12_F","arifle_CTAR_blk_F","H_HelmetB_plain_blk"] FOR 8469 POPTABS AND 846.9 RESPECT | PLAYER TOTAL MONEY: 8469
[21:23:59:889250 +02:00] [Thread 5544] PLAYER: ( 76561198020201324 ) R 76ers:3 (Julius) REMOTE SOLD ITEM: Exile_Car_Hatchback_Grey (ID# <null>) with Cargo [] FOR 6000 POPTABS AND 600 RESPECT | PLAYER TOTAL MONEY: 14469
[21:31:19:354386 +02:00] [Thread 5544] PLAYER: ( 76561198168988383 ) R 76ers:5 (v1) REMOTE SOLD ITEM: Exile_Car_Offroad_Repair_Red (ID# <null>) with Cargo [] FOR 6250 POPTABS AND 625 RESPECT | PLAYER TOTAL MONEY: 8590
[21:32:05:619032 +02:00] [Thread 5544] PLAYER: ( 76561198168988383 ) R 76ers:5 (v1) REMOTE SOLD ITEM Exile_Item_JunkMetal FOR 200 POPTABS AND 20 RESPECT | PLAYER TOTAL MONEY: 8790
[21:32:07:149120 +02:00] [Thread 5544] PLAYER: ( 76561198168988383 ) R 76ers:5 (v1) REMOTE SOLD ITEM Exile_Item_JunkMetal FOR 200 POPTABS AND 20 RESPECT | PLAYER TOTAL MONEY: 8990
[21:32:25:334160 +02:00] [Thread 5544] PLAYER: ( 76561198227507388 ) R 76ers:4 (Franck Idraned) REMOTE PURCHASED ITEM Exile_Magazine_30Rnd_545x39_AK_Red FOR 20 POPTABS | PLAYER TOTAL MONEY: 1980
[21:32:26:319216 +02:00] [Thread 4692] PLAYER: ( 76561198227507388 ) R 76ers:4 (Franck Idraned) REMOTE PURCHASED ITEM Exile_Magazine_30Rnd_545x39_AK_Red FOR 20 POPTABS | PLAYER TOTAL MONEY: 1960
[21:32:27:289271 +02:00] [Thread 5544] PLAYER: ( 76561198227507388 ) R 76ers:4 (Franck Idraned) REMOTE PURCHASED ITEM Exile_Magazine_30Rnd_545x39_AK_Red FOR 20 POPTABS | PLAYER TOTAL MONEY: 1940
[21:32:28:235326 +02:00] [Thread 5544] PLAYER: ( 76561198227507388 ) R 76ers:4 (Franck Idraned) REMOTE PURCHASED ITEM Exile_Magazine_30Rnd_545x39_AK_Red FOR 20 POPTABS | PLAYER TOTAL MONEY: 1920
[21:32:29:203381 +02:00] [Thread 5544] PLAYER: ( 76561198227507388 ) R 76ers:4 (Franck Idraned) REMOTE PURCHASED ITEM Exile_Magazine_30Rnd_545x39_AK_Red FOR 20 POPTABS | PLAYER TOTAL MONEY: 1900
[21:32:30:153435 +02:00] [Thread 5544] PLAYER: ( 76561198227507388 ) R 76ers:4 (Franck Idraned) REMOTE PURCHASED ITEM Exile_Magazine_30Rnd_545x39_AK_Red FOR 20 POPTABS | PLAYER TOTAL MONEY: 1880
[21:32:33:720639 +02:00] [Thread 5384] PLAYER: ( 76561197981840743 ) R 76ers:6 (Lazouille) REMOTE SOLD ITEM hlc_rifle_awMagnum_OD_ghillie FOR 615 POPTABS AND 61.5 RESPECT | PLAYER TOTAL MONEY: 11615
[21:32:36:423794 +02:00] [Thread 5384] PLAYER: ( 76561197981840743 ) R 76ers:6 (Lazouille) REMOTE SOLD ITEM Exile_Weapon_Makarov FOR 60 POPTABS AND 6 RESPECT | PLAYER TOTAL MONEY: 11675
[21:32:40:324017 +02:00] [Thread 5544] PLAYER: ( 76561198227507388 ) R 76ers:4 (Franck Idraned) REMOTE PURCHASED ITEM 30Rnd_9x21_Green_Mag FOR 40 POPTABS | PLAYER TOTAL MONEY: 1840
[21:32:41:233069 +02:00] [Thread 5544] PLAYER: ( 76561198227507388 ) R 76ers:4 (Franck Idraned) REMOTE PURCHASED ITEM 30Rnd_9x21_Green_Mag FOR 40 POPTABS | PLAYER TOTAL MONEY: 1800
[21:32:41:899107 +02:00] [Thread 4692] PLAYER: ( 76561197981840743 ) R 76ers:6 (Lazouille) REMOTE SOLD ITEM hlc_5rnd_300WM_T_AWM FOR 15 POPTABS AND 1.5 RESPECT | PLAYER TOTAL MONEY: 11690
[21:32:42:236126 +02:00] [Thread 5544] PLAYER: ( 76561198227507388 ) R 76ers:4 (Franck Idraned) REMOTE PURCHASED ITEM 30Rnd_9x21_Green_Mag FOR 40 POPTABS | PLAYER TOTAL MONEY: 1760
[21:32:48:840504 +02:00] [Thread 4692] PLAYER: ( 76561197981840743 ) R 76ers:6 (Lazouille) REMOTE SOLD ITEM Exile_Magazine_8Rnd_9x18 FOR 10 POPTABS AND 1 RESPECT | PLAYER TOTAL MONEY: 11700
[21:32:49:608548 +02:00] [Thread 4692] PLAYER: ( 76561197981840743 ) R 76ers:6 (Lazouille) REMOTE SOLD ITEM Exile_Magazine_8Rnd_9x18 FOR 10 POPTABS AND 1 RESPECT | PLAYER TOTAL MONEY: 11710
[21:32:50:463597 +02:00] [Thread 4692] PLAYER: ( 76561197981840743 ) R 76ers:6 (Lazouille) REMOTE SOLD ITEM Exile_Magazine_8Rnd_9x18 FOR 10 POPTABS AND 1 RESPECT | PLAYER TOTAL MONEY: 11720
[21:32:51:227641 +02:00] [Thread 4692] PLAYER: ( 76561197981840743 ) R 76ers:6 (Lazouille) REMOTE SOLD ITEM Exile_Magazine_8Rnd_9x18 FOR 10 POPTABS AND 1 RESPECT | PLAYER TOTAL MONEY: 11730
[21:32:52:055688 +02:00] [Thread 5544] PLAYER: ( 76561197981840743 ) R 76ers:6 (Lazouille) REMOTE SOLD ITEM hlc_5rnd_300WM_T_AWM FOR 15 POPTABS AND 1.5 RESPECT | PLAYER TOTAL MONEY: 11745
[21:32:52:808731 +02:00] [Thread 5544] PLAYER: ( 76561197981840743 ) R 76ers:6 (Lazouille) REMOTE SOLD ITEM hlc_5rnd_300WM_T_AWM FOR 15 POPTABS AND 1.5 RESPECT | PLAYER TOTAL MONEY: 11760
[21:32:53:768786 +02:00] [Thread 5544] PLAYER: ( 76561197981840743 ) R 76ers:6 (Lazouille) REMOTE SOLD ITEM hlc_5rnd_300WM_T_AWM FOR 15 POPTABS AND 1.5 RESPECT | PLAYER TOTAL MONEY: 11775
[21:32:54:578832 +02:00] [Thread 5384] PLAYER: ( 76561197981840743 ) R 76ers:6 (Lazouille) REMOTE SOLD ITEM Exile_Magazine_8Rnd_9x18 FOR 10 POPTABS AND 1 RESPECT | PLAYER TOTAL MONEY: 11785
[21:33:56:365366 +02:00] [Thread 4692] PLAYER: ( 76561198227507388 ) R 76ers:4 (Franck Idraned) REMOTE PURCHASED ITEM hlc_5rnd_300WM_T_AWM FOR 30 POPTABS | PLAYER TOTAL MONEY: 1730
[21:33:57:313421 +02:00] [Thread 5544] PLAYER: ( 76561198227507388 ) R 76ers:4 (Franck Idraned) REMOTE PURCHASED ITEM hlc_5rnd_300WM_T_AWM FOR 30 POPTABS | PLAYER TOTAL MONEY: 1700
[21:33:58:297477 +02:00] [Thread 5544] PLAYER: ( 76561198227507388 ) R 76ers:4 (Franck Idraned) REMOTE PURCHASED ITEM hlc_5rnd_300WM_T_AWM FOR 30 POPTABS | PLAYER TOTAL MONEY: 1670
[21:34:39:459831 +02:00] [Thread 5544] PLAYER: ( 76561197981840743 ) R 76ers:6 (Lazouille) REMOTE PURCHASED ITEM hlc_rifle_stgw57_RIS FOR 1000 POPTABS | PLAYER TOTAL MONEY: 10785
[21:34:46:075210 +02:00] [Thread 4692] PLAYER: ( 76561198168988383 ) R 76ers:5 (v1) REMOTE PURCHASED ITEM hlc_muzzle_300blk_KAC FOR 100 POPTABS | PLAYER TOTAL MONEY: 8890
[21:34:55:752763 +02:00] [Thread 5544] PLAYER: ( 76561197981840743 ) R 76ers:6 (Lazouille) REMOTE PURCHASED ITEM hlc_24Rnd_75x55_ap_stgw FOR 30 POPTABS | PLAYER TOTAL MONEY: 10755
[21:35:06:307367 +02:00] [Thread 5384] PLAYER: ( 76561197981840743 ) R 76ers:6 (Lazouille) REMOTE SOLD ITEM hlc_24Rnd_75x55_ap_stgw FOR 15 POPTABS AND 1.5 RESPECT | PLAYER TOTAL MONEY: 10770
[21:35:27:650588 +02:00] [Thread 5544] PLAYER: ( 76561198168988383 ) R 76ers:5 (v1) REMOTE PURCHASED ITEM B_Bergen_mcamo FOR 200 POPTABS | PLAYER TOTAL MONEY: 8690
[21:35:29:069669 +02:00] [Thread 5384] PLAYER: ( 76561197981840743 ) R 76ers:6 (Lazouille) REMOTE PURCHASED ITEM hlc_24Rnd_75x55_T_stgw FOR 30 POPTABS | PLAYER TOTAL MONEY: 10740
[21:35:39:255251 +02:00] [Thread 5544] PLAYER: ( 76561197981840743 ) R 76ers:6 (Lazouille) REMOTE PURCHASED ITEM hlc_24Rnd_75x55_T_stgw FOR 30 POPTABS | PLAYER TOTAL MONEY: 10710
[21:35:39:998294 +02:00] [Thread 5384] PLAYER: ( 76561197981840743 ) R 76ers:6 (Lazouille) REMOTE PURCHASED ITEM hlc_24Rnd_75x55_T_stgw FOR 30 POPTABS | PLAYER TOTAL MONEY: 10680
[21:35:40:773338 +02:00] [Thread 5384] PLAYER: ( 76561197981840743 ) R 76ers:6 (Lazouille) REMOTE PURCHASED ITEM hlc_24Rnd_75x55_T_stgw FOR 30 POPTABS | PLAYER TOTAL MONEY: 10650
[21:35:41:559383 +02:00] [Thread 5384] PLAYER: ( 76561197981840743 ) R 76ers:6 (Lazouille) REMOTE PURCHASED ITEM hlc_24Rnd_75x55_T_stgw FOR 30 POPTABS | PLAYER TOTAL MONEY: 10620
[21:35:42:376430 +02:00] [Thread 5384] PLAYER: ( 76561197981840743 ) R 76ers:6 (Lazouille) REMOTE PURCHASED ITEM hlc_24Rnd_75x55_T_stgw FOR 30 POPTABS | PLAYER TOTAL MONEY: 10590
[21:35:43:168475 +02:00] [Thread 5544] PLAYER: ( 76561197981840743 ) R 76ers:6 (Lazouille) REMOTE PURCHASED ITEM hlc_24Rnd_75x55_T_stgw FOR 30 POPTABS | PLAYER TOTAL MONEY: 10560
[21:35:43:891516 +02:00] [Thread 5384] PLAYER: ( 76561197981840743 ) R 76ers:6 (Lazouille) REMOTE PURCHASED ITEM hlc_24Rnd_75x55_T_stgw FOR 30 POPTABS | PLAYER TOTAL MONEY: 10530
[21:35:44:568555 +02:00] [Thread 5544] PLAYER: ( 76561197981840743 ) R 76ers:6 (Lazouille) REMOTE PURCHASED ITEM hlc_24Rnd_75x55_T_stgw FOR 30 POPTABS | PLAYER TOTAL MONEY: 10500
[21:35:45:286596 +02:00] [Thread 5544] PLAYER: ( 76561197981840743 ) R 76ers:6 (Lazouille) REMOTE PURCHASED ITEM hlc_24Rnd_75x55_T_stgw FOR 30 POPTABS | PLAYER TOTAL MONEY: 10470
[21:35:46:193648 +02:00] [Thread 5544] PLAYER: ( 76561197981840743 ) R 76ers:6 (Lazouille) REMOTE PURCHASED ITEM hlc_24Rnd_75x55_T_stgw FOR 30 POPTABS | PLAYER TOTAL MONEY: 10440
[21:35:59:157390 +02:00] [Thread 5544] PLAYER: ( 76561197981840743 ) R 76ers:6 (Lazouille) REMOTE PURCHASED ITEM optic_SOS FOR 200 POPTABS | PLAYER TOTAL MONEY: 10240
[21:36:41:856832 +02:00] [Thread 4692] PLAYER: ( 76561197981840743 ) R 76ers:6 (Lazouille) REMOTE SOLD ITEM hlc_24Rnd_75x55_T_stgw FOR 15 POPTABS AND 1.5 RESPECT | PLAYER TOTAL MONEY: 10255
[21:36:42:714881 +02:00] [Thread 4692] PLAYER: ( 76561197981840743 ) R 76ers:6 (Lazouille) REMOTE SOLD ITEM hlc_24Rnd_75x55_T_stgw FOR 15 POPTABS AND 1.5 RESPECT | PLAYER TOTAL MONEY: 10270
[21:36:44:047957 +02:00] [Thread 4692] PLAYER: ( 76561197981840743 ) R 76ers:6 (Lazouille) REMOTE SOLD ITEM hlc_24Rnd_75x55_T_stgw FOR 15 POPTABS AND 1.5 RESPECT | PLAYER TOTAL MONEY: 10285
[21:36:45:316030 +02:00] [Thread 4692] PLAYER: ( 76561197981840743 ) R 76ers:6 (Lazouille) REMOTE SOLD ITEM hlc_24Rnd_75x55_T_stgw FOR 15 POPTABS AND 1.5 RESPECT | PLAYER TOTAL MONEY: 10300
[21:36:54:209538 +02:00] [Thread 5544] PLAYER: ( 76561198168988383 ) R 76ers:5 (v1) REMOTE PURCHASED ITEM B_ViperHarness_base_F FOR 250 POPTABS | PLAYER TOTAL MONEY: 8440
[21:37:20:138021 +02:00] [Thread 5384] PLAYER: ( 76561197981840743 ) R 76ers:6 (Lazouille) REMOTE PURCHASED ITEM Exile_Weapon_Colt1911 FOR 100 POPTABS | PLAYER TOTAL MONEY: 10200
[21:37:31:994700 +02:00] [Thread 5544] PLAYER: ( 76561197981840743 ) R 76ers:6 (Lazouille) REMOTE PURCHASED ITEM Exile_Magazine_7Rnd_45ACP FOR 20 POPTABS | PLAYER TOTAL MONEY: 10180
[21:37:32:770744 +02:00] [Thread 5544] PLAYER: ( 76561197981840743 ) R 76ers:6 (Lazouille) REMOTE PURCHASED ITEM Exile_Magazine_7Rnd_45ACP FOR 20 POPTABS | PLAYER TOTAL MONEY: 10160
[21:37:33:495785 +02:00] [Thread 5384] PLAYER: ( 76561197981840743 ) R 76ers:6 (Lazouille) REMOTE PURCHASED ITEM Exile_Magazine_7Rnd_45ACP FOR 20 POPTABS | PLAYER TOTAL MONEY: 10140
[21:37:34:279830 +02:00] [Thread 5544] PLAYER: ( 76561197981840743 ) R 76ers:6 (Lazouille) REMOTE PURCHASED ITEM Exile_Magazine_7Rnd_45ACP FOR 20 POPTABS | PLAYER TOTAL MONEY: 10120
[21:37:35:177882 +02:00] [Thread 5544] PLAYER: ( 76561197981840743 ) R 76ers:6 (Lazouille) REMOTE PURCHASED ITEM Exile_Magazine_7Rnd_45ACP FOR 20 POPTABS | PLAYER TOTAL MONEY: 10100
[21:37:36:351949 +02:00] [Thread 5384] PLAYER: ( 76561197981840743 ) R 76ers:6 (Lazouille) REMOTE PURCHASED ITEM Exile_Magazine_7Rnd_45ACP FOR 20 POPTABS | PLAYER TOTAL MONEY: 10080
[21:37:37:364007 +02:00] [Thread 5544] PLAYER: ( 76561197981840743 ) R 76ers:6 (Lazouille) REMOTE PURCHASED ITEM Exile_Magazine_7Rnd_45ACP FOR 20 POPTABS | PLAYER TOTAL MONEY: 10060
[21:37:38:231056 +02:00] [Thread 5384] PLAYER: ( 76561197981840743 ) R 76ers:6 (Lazouille) REMOTE PURCHASED ITEM Exile_Magazine_7Rnd_45ACP FOR 20 POPTABS | PLAYER TOTAL MONEY: 10040
[21:37:40:025159 +02:00] [Thread 5384] PLAYER: ( 76561197981840743 ) R 76ers:6 (Lazouille) REMOTE PURCHASED ITEM Exile_Magazine_7Rnd_45ACP FOR 20 POPTABS | PLAYER TOTAL MONEY: 10020
[21:39:50:190604 +02:00] [Thread 5544] PLAYER: ( 76561198168988383 ) R 76ers:5 (v1) REMOTE PURCHASED ITEM Exile_Uniform_Woodland FOR 150 POPTABS | PLAYER TOTAL MONEY: 8290
[21:40:49:933021 +02:00] [Thread 5544] PLAYER: ( 76561198168988383 ) R 76ers:5 (v1) REMOTE PURCHASED ITEM Exile_Uniform_Woodland FOR 150 POPTABS | PLAYER TOTAL MONEY: 8140
[21:41:38:098776 +02:00] [Thread 5384] PLAYER: ( 76561198168988383 ) R 76ers:5 (v1) REMOTE PURCHASED ITEM hlc_100Rnd_762x51_T_M60E4 FOR 70 POPTABS | PLAYER TOTAL MONEY: 8070
[21:41:39:376849 +02:00] [Thread 5544] PLAYER: ( 76561198168988383 ) R 76ers:5 (v1) REMOTE PURCHASED ITEM hlc_100Rnd_762x51_T_M60E4 FOR 70 POPTABS | PLAYER TOTAL MONEY: 8000
[21:41:42:749042 +02:00] [Thread 5544] PLAYER: ( 76561198168988383 ) R 76ers:5 (v1) REMOTE PURCHASED ITEM hlc_100Rnd_762x51_T_M60E4 FOR 70 POPTABS | PLAYER TOTAL MONEY: 7930
[21:41:43:996113 +02:00] [Thread 5384] PLAYER: ( 76561198168988383 ) R 76ers:5 (v1) REMOTE PURCHASED ITEM hlc_100Rnd_762x51_T_M60E4 FOR 70 POPTABS | PLAYER TOTAL MONEY: 7860
[21:41:45:057174 +02:00] [Thread 5384] PLAYER: ( 76561198168988383 ) R 76ers:5 (v1) REMOTE PURCHASED ITEM hlc_100Rnd_762x51_T_M60E4 FOR 70 POPTABS | PLAYER TOTAL MONEY: 7790
